[Licensing::Module] Trying to connect to existing licensing client channel...
Built from '6000.5/staging' branch; Version is '6000.5.2f1 (eb73d3b415a1) revision 15430611'; Using compiler version '194234433'; Build Type 'Release'
OS: 'Windows 10  (10.0.19045) 64bit Professional' Language: 'pt' Physical Memory: 8144 MB
BatchMode: 1, IsHumanControllingUs: 0, StartBugReporterOnCrash: 0, Is64bit: 1
System  architecture: x64
Process architecture: x64
Date: 2026-07-10T14:04:53Z
[Licensing::IpcConnector] Successfully connected to: "LicenseClient-guilh" at "2026-07-10T14:04:53.9588834Z"

COMMAND LINE ARGUMENTS:
C:\Program Files\Unity\Hub\Editor\6000.5.2f1\Editor\Unity.exe
-adb2
-batchMode
-noUpm
-name
AssetImportWorkerHW0
-projectPath
C:/Projetos Unity/Obstacle Dodge
-logFile
Logs/AssetImportWorkerHW0.log
-srvPort
57437
-parentPid
6596
-analyticsCloudUserId
anonymous
-analyticsLocalProjectId
1e520190db682074d9b9cc04387962bc
-licensingIpc
LicenseClient-guilh
-noDiagnosticSwitchPersistentStore
-job-worker-count
1
-background-job-worker-count
8
-asset-garbage-collectors
1
-force-d3d12
-name
AssetImport
Successfully changed project path to: C:/Projetos Unity/Obstacle Dodge
C:/Projetos Unity/Obstacle Dodge
[UnityMemory] Configuration Parameters - Can be set up in boot.config
    "memorysetup-temp-allocator-size-gi-baking-worker=262144"
    "memorysetup-temp-allocator-size-gi-baking-worker=262144"
    "memorysetup-temp-allocator-size-gi-baking-worker=262144"
    "memorysetup-temp-allocator-size-gi-baking-worker=262144"
    "memorysetup-temp-allocator-size-gi-baking-worker=262144"
    "memorysetup-temp-allocator-size-nav-mesh-worker=65536"
    "memorysetup-temp-allocator-size-audio-worker=65536"
    "memorysetup-temp-allocator-size-cloud-worker=32768"
    "memorysetup-temp-allocator-size-gfx=262144"
    "memorysetup-temp-allocator-size-preload-manager=33554432"
    "memorysetup-allocator-temp-initial-block-size-main=262144"
    "memorysetup-allocator-temp-initial-block-size-worker=262144"
    "memorysetup-temp-allocator-size-job-worker=262144"
    "memorysetup-temp-allocator-size-background-worker=32768"
    "memorysetup-bucket-allocator-granularity=16"
    "memorysetup-bucket-allocator-bucket-count=8"
    "memorysetup-bucket-allocator-block-size=33554432"
    "memorysetup-bucket-allocator-block-count=8"
    "memorysetup-main-allocator-block-size=16777216"
    "memorysetup-thread-allocator-block-size=16777216"
    "memorysetup-main-allocator-mimalloc-enabled=0"
    "memorysetup-gfx-main-allocator-block-size=16777216"
    "memorysetup-gfx-thread-allocator-block-size=16777216"
    "memorysetup-cache-allocator-block-size=4194304"
    "memorysetup-typetree-allocator-block-size=2097152"
    "memorysetup-profiler-bucket-allocator-granularity=16"
    "memorysetup-profiler-bucket-allocator-bucket-count=8"
    "memorysetup-profiler-bucket-allocator-block-size=33554432"
    "memorysetup-profiler-bucket-allocator-block-count=8"
    "memorysetup-profiler-allocator-block-size=16777216"
    "memorysetup-profiler-editor-allocator-block-size=1048576"
    "memorysetup-temp-allocator-size-main=16777216"
    "memorysetup-job-temp-allocator-block-size=2097152"
    "memorysetup-job-temp-allocator-block-size-background=1048576"
    "memorysetup-job-temp-allocator-reduction-small-platforms=262144"
Player connection [10996]  Target information:

Player connection [10996]  * "[IP] 192.168.0.4 [Port] 0 [Flags] 2 [Guid] 687244772 [EditorId] 687244772 [Version] 1048832 [Id] WindowsEditor(7,DESKTOP-L62L49H) [Debug] 1 [PackageName] WindowsEditor [ProjectName] Editor" 

Player connection [10996] Host joined multi-casting on [225.0.0.222:54997]...
Player connection [10996] Host joined alternative multi-casting on [225.0.0.222:34997]...
JobSystem: Creating JobQueue using job-worker-count value 1
Input System module state changed to: Initialized.
[Physics::Module] Initialized fallback backend.
[Physics::Module] Id: 0xdecafbad
Library Redirect Path: Library/
[Physics::Module] Selected backend.
[Physics::Module] Name: PhysX
[Physics::Module] Id: 0xf2b8ea05
[Physics::Module] SDK Version: 4.1.2
[Physics::Module] Integration Version: 1.0.0
[Physics::Module] Threading Mode: Multi-Threaded
Refreshing native plugins compatible for Editor in 6.04 ms, found 4 plugins.
Initialize engine version: 6000.5.2f1 (eb73d3b415a1)
[Subsystems] Discovering subsystems at path C:/Program Files/Unity/Hub/Editor/6000.5.2f1/Editor/Data/Resources/UnitySubsystems
[Subsystems] Discovering subsystems at path C:/Projetos Unity/Obstacle Dodge/Assets
Forcing GfxDevice: Direct3D 12
GfxDevice: creating device client; kGfxThreadingModeNonThreaded
d3d12: failed to query info queue interface (0x80004002).
Direct3D:
    Version:         Direct3D 12 [level 12.1]
    Renderer:        NVIDIA GeForce GTX 1050 (ID=0x1c81)
    Vendor:          NVIDIA
    VRAM:            1962 MB
    App VRAM Budget: 1667 MB
    Driver:          32.0.15.8157
Initialize mono
Mono path[0] = 'C:/Program Files/Unity/Hub/Editor/6000.5.2f1/Editor/Data/Managed'
Mono path[1] = 'C:/Program Files/Unity/Hub/Editor/6000.5.2f1/Editor/Data/BCLExtensions/runtime/netstandard2.1'
Mono path[2] = 'C:/Program Files/Unity/Hub/Editor/6000.5.2f1/Editor/Data/MonoBleedingEdge/lib/mono/unityjit-win32'
Mono config path = 'C:/Program Files/Unity/Hub/Editor/6000.5.2f1/Editor/Data/MonoBleedingEdge/etc'
Using monoOptions --debugger-agent=transport=dt_socket,embedding=1,server=y,suspend=n,address=127.0.0.1:56344
CodeReloadManager initialized
Begin MonoManager ReloadAssembly
[Licensing::Client] Error: HandshakeResponse reported an error:
	ResponseCode: 505
	ResponseStatus: Unsupported protocol version '1.18.1'.
[Licensing::Module] Error: Failed to handshake to channel: "LicenseClient-guilh"
[Licensing::IpcConnector] LicenseClient-guilh channel disconnected successfully.
[Licensing::IpcConnector] Successfully connected to: "LicenseClient-guilh-6000.5.2" at "2026-07-10T14:04:56.3373811Z"
[Licensing::Client] Code 10 while verifying Licensing Client signature (process Id: 12212, path: "C:/Program Files/Unity/Hub/Editor/6000.5.2f1/Editor/Data/Resources/Licensing/Client/Unity.Licensing.Client.exe")
[Licensing::Module] LicensingClient has failed validation; ignoring
[Licensing::Client] Handshaking with LicensingClient:
  Version:                 1.18.1+9fbee8e
  Session Id:              bab2d0e380784fbfa2510048d3377f72
  Correlation Id:          f37759e9c6e0c2d295786a157a7dd80b
  External correlation Id: 6624141267982147002
  Machine Id:              e3J6Y/ahlV2bW0bN5A/Pmvej0gQ=
[Licensing::Module] Successfully connected to LicensingClient on channel: "LicenseClient-guilh-6000.5.2" (connect: 0.01s, validation: 0.03s, handshake: 0.01s)
[Licensing::IpcConnector] Successfully connected to: "LicenseClient-guilh-6000.5.2-notifications" at "2026-07-10T14:04:56.3807012Z"
[Licensing::Module] Licensing Background thread has ended after 2.44s
Registering precompiled unity dll's ...
Register platform support module: C:/Program Files/Unity/Hub/Editor/6000.5.2f1/Editor/Data/PlaybackEngines/WebGLSupport/UnityEditor.WebGL.Extensions.dll
Register platform support module: C:/Program Files/Unity/Hub/Editor/6000.5.2f1/Editor/Data/PlaybackEngines/WindowsStandaloneSupport/UnityEditor.WindowsStandalone.Extensions.dll
Registered in 0.005791 seconds.
Native extension for WindowsStandalone target not found
Native extension for WebGL target not found
Package Manager log level set to [2]
[Package Manager] Failed to launch server process. Reason: Unity was launched with the -noUpm command-line argument
[Package Manager] Unable to send message (not connected to server process).
[Package Manager] Cannot connect to Unity Package Manager local server
ScheduleIndexationOnStartup MainProcess:False IndexOnStartup:True
Mono: successfully reloaded assembly
- Finished resetting the current domain, in  0.494 seconds
Domain Reload Profiling: 1429ms
	BeginReloadAssembly (339ms)
	RebuildCommonClasses (9ms)
	RebuildNativeTypeToScriptingClass (32ms)
	initialDomainReloadingComplete (139ms)
	LoadAllAssembliesAndSetupDomain (412ms)
		LoadAssemblies (330ms)
		AnalyzeDomain (294ms)
			TypeCache.Refresh (293ms)
				TypeCache.ScanAssembly (273ms)
	FinalizeReload (496ms)
		SetupLoadedEditorAssemblies (0ms)
			InitializePlatformSupportModulesInManaged (3ms)
			BeforeProcessingInitializeOnLoad (116ms)
			ProcessInitializeOnLoadAttributes (126ms)
			ProcessInitializeOnLoadMethodAttributes (136ms)
Assembly reference Packages/com.unity.cinemachine/Editor/Samples/ExposeHDRPInternals/HDRP-Editor-ref.asmref has no target assembly definition
Initializing Unity extensions:
[Licensing::Client] Successfully resolved entitlement details
[Licensing::Module] License group:
  Id: 4674222064182-UnityPersXXXX
  Product: Unity Personal
  Type: Assigned
  Expiration: Unlimited
========================================================================
Worker process is ready to serve import requests
Import Worker Mode flag is 0x00
Assembly reference Packages/com.unity.cinemachine/Editor/Samples/ExposeHDRPInternals/HDRP-Editor-ref.asmref has no target assembly definition
Assembly reference Packages/com.unity.cinemachine/Editor/Samples/ExposeHDRPInternals/HDRP-Editor-ref.asmref has no target assembly definition
Begin MonoManager ReloadAssembly
Assembly reference Packages/com.unity.cinemachine/Editor/Samples/ExposeHDRPInternals/HDRP-Editor-ref.asmref has no target assembly definition
Assembly reference Packages/com.unity.cinemachine/Editor/Samples/ExposeHDRPInternals/HDRP-Editor-ref.asmref has no target assembly definition
'Packages/com.unity.cinemachine/Editor/Obsolete/CinemachineVirtualCameraBaseEditor.cs' contains partial class of Unity.Object, exactly 1 of the partial classes needs to be in a file with the same filename. This is to know the one that can be referenced from ie. GameObjects
'Packages/com.unity.cinemachine/Editor/Editors/CinemachineVirtualCameraBaseEditor.cs' contains partial class of Unity.Object, exactly 1 of the partial classes needs to be in a file with the same filename. This is to know the one that can be referenced from ie. GameObjects
Refreshing native plugins compatible for Editor in 2.40 ms, found 4 plugins.
Native extension for WindowsStandalone target not found
Native extension for WebGL target not found
[Package Manager] Failed to launch server process. Reason: Unity was launched with the -noUpm command-line argument
[Package Manager] Unable to send message (not connected to server process).
[Package Manager] Cannot connect to Unity Package Manager local server
[Package Manager] Failed to launch server process. Reason: Unity was launched with the -noUpm command-line argument
[Package Manager] Unable to send message (not connected to server process).
[Package Manager] Cannot connect to Unity Package Manager local server
[Package Manager] Failed to launch server process. Reason: Unity was launched with the -noUpm command-line argument
[Package Manager] Unable to send message (not connected to server process).
[Package Manager] Cannot connect to Unity Package Manager local server
Refreshing native plugins compatible for Editor in 2.48 ms, found 4 plugins.
ScheduleIndexationOnStartup MainProcess:False IndexOnStartup:True
Mono: successfully reloaded assembly
- Finished resetting the current domain, in  1.101 seconds
Domain Reload Profiling: 2469ms
	BeginReloadAssembly (255ms)
		DisableScriptedObjects (7ms)
		CreateAndSetChildDomain (36ms)
	RebuildCommonClasses (10ms)
	RebuildNativeTypeToScriptingClass (24ms)
	initialDomainReloadingComplete (92ms)
	LoadAllAssembliesAndSetupDomain (986ms)
		LoadAssemblies (616ms)
		AnalyzeDomain (343ms)
			TypeCache.Refresh (245ms)
				TypeCache.ScanAssembly (226ms)
			BuildScriptInfoCaches (86ms)
			ResolveRequiredComponents (10ms)
	FinalizeReload (1102ms)
		SetupLoadedEditorAssemblies (0ms)
			InitializePlatformSupportModulesInManaged (3ms)
			BeforeProcessingInitializeOnLoad (123ms)
			ProcessInitializeOnLoadAttributes (537ms)
			ProcessInitializeOnLoadMethodAttributes (131ms)
			AfterProcessingInitializeOnLoad (14ms)
		AwakeInstancesAfterBackupRestoration (3ms)
AcceleratorClientConnectionCallback - disconnected - :0
Launched and connected shader compiler UnityShaderCompiler.exe after 0.93 seconds
Refreshing native plugins compatible for Editor in 2.51 ms, found 4 plugins.
Unloading 23 Unused Serialized files (Serialized files now loaded: 0)
Curl error 3: URL rejected: Malformed input to a URL function
Unloading 6820 unused Assets / (6.5 MB). Loaded Objects now: 7641.
Memory consumption went from 316.9 MB to 310.4 MB.
Total: 14.094400 ms (FindLiveObjects: 0.870700 ms CreateObjectMapping: 2.883900 ms MarkObjects: 6.987600 ms  DeleteObjects: 3.348700 ms)

========================================================================
Received Import Request.
  Time of request: 2026-07-10T14:06:34.9855592Z
  Time since last request: 331289.0212866999791 seconds.
  importAddress: GUID: d588e6247a85e0d419e8a649b83c6315 - Path: Assets/_Recovery/0 (2).unity - Importer: ScriptedImporter/UnityEditor.QuickSearchModule:UnityEditor.Search:ASIAI0B
Importing 'GUID: d588e6247a85e0d419e8a649b83c6315 - Path: Assets/_Recovery/0 (2).unity - Importer: ScriptedImporter/UnityEditor.QuickSearchModule:UnityEditor.Search:ASIAI0B' with importer (ScriptedImporter : UnityEditor.QuickSearchModule:UnityEditor.Search:ASIAI0B)
Imported 'GUID: d588e6247a85e0d419e8a649b83c6315' -> (Import Result ID: '16d436d0ea5e24fdd33b7c85a5e15aa0') in 0.112 seconds [static and dynamic dependencies]. Details - ImportResultOutputID=040dfbad5f1df86e092d46e2b8037fe3 DependenciesID=29575d16f8c8f2f3287b6e98eed2e66e StaticDependenciesID=b24572ed019f165866dceb1b255155c2 
Number of updated asset objects reloaded before import = 0
Number of asset objects unloaded after import = 1
========================================================================
Received Prepare
AcceleratorClientConnectionCallback - disconnected - :0
'Packages/com.unity.cinemachine/Editor/Obsolete/CinemachineVirtualCameraBaseEditor.cs' contains partial class of Unity.Object, exactly 1 of the partial classes needs to be in a file with the same filename. This is to know the one that can be referenced from ie. GameObjects
'Packages/com.unity.cinemachine/Editor/Editors/CinemachineVirtualCameraBaseEditor.cs' contains partial class of Unity.Object, exactly 1 of the partial classes needs to be in a file with the same filename. This is to know the one that can be referenced from ie. GameObjects
Refreshing native plugins compatible for Editor in 3.73 ms, found 4 plugins.
Unloading 23 Unused Serialized files (Serialized files now loaded: 0)
Unloading 6808 unused Assets / (6.1 MB). Loaded Objects now: 7644.
Memory consumption went from 316.5 MB to 310.4 MB.
Total: 16.416500 ms (FindLiveObjects: 0.897100 ms CreateObjectMapping: 3.370200 ms MarkObjects: 8.425300 ms  DeleteObjects: 3.722600 ms)

Prepare: number of updated asset objects reloaded= 0
========================================================================
Received Import Request.
  Time of request: 2026-07-10T14:07:47.4123517Z
  Time since last request: 72.29702039999999 seconds.
  importAddress: GUID: 658c09f9e1dc7ae4f90e57de0dd2fc9c - Path: Assets/Scripts/Spinner.cs - Importer: ScriptedImporter/UnityEditor.QuickSearchModule:UnityEditor.Search:ASIAI0B
Importing 'GUID: 658c09f9e1dc7ae4f90e57de0dd2fc9c - Path: Assets/Scripts/Spinner.cs - Importer: ScriptedImporter/UnityEditor.QuickSearchModule:UnityEditor.Search:ASIAI0B' with importer (ScriptedImporter : UnityEditor.QuickSearchModule:UnityEditor.Search:ASIAI0B)
Imported 'GUID: 658c09f9e1dc7ae4f90e57de0dd2fc9c' -> (Import Result ID: '7517f03a3ff10beea9f8009b4812ccd2') in 0.019 seconds [static and dynamic dependencies]. Details - ImportResultOutputID=7379d24ecd27f2b456ab99e99ee9e1ca DependenciesID=aade0e9eab91e00072a1cbd50f835719 StaticDependenciesID=58aeba280141d3a7f1d72d8971625e33 
Number of updated asset objects reloaded before import = 0
Number of asset objects unloaded after import = 0
========================================================================
Received Import Request.
  Time of request: 2026-07-10T14:07:47.5450283Z
  Time since last request: 0.1010353 seconds.
  importAddress: GUID: 658c09f9e1dc7ae4f90e57de0dd2fc9c - Path: Assets/Scripts/Spinner.cs - Importer: PreviewImporter
Importing 'GUID: 658c09f9e1dc7ae4f90e57de0dd2fc9c - Path: Assets/Scripts/Spinner.cs - Importer: PreviewImporter' with importer (PreviewImporter)
Imported 'GUID: 658c09f9e1dc7ae4f90e57de0dd2fc9c' -> (Import Result ID: '6399da1d2a601fb4f39da6a418f3a76f') in 0.003 seconds [static and dynamic dependencies]. Details - ImportResultOutputID=8b2d535b7d2672dc99e4f122e7271f0b DependenciesID=04000ce99969973b606b8b7d72aae594 StaticDependenciesID=780254775cc6e40fbf84535d915a23f3 
Number of updated asset objects reloaded before import = 0
Number of asset objects unloaded after import = 0
========================================================================
Received Prepare
AcceleratorClientConnectionCallback - disconnected - :0
Assembly reference Packages/com.unity.cinemachine/Editor/Samples/ExposeHDRPInternals/HDRP-Editor-ref.asmref has no target assembly definition
Assembly reference Packages/com.unity.cinemachine/Editor/Samples/ExposeHDRPInternals/HDRP-Editor-ref.asmref has no target assembly definition
[Licensing::Client] Successfully resolved entitlement details
Begin MonoManager ReloadAssembly
Assembly reference Packages/com.unity.cinemachine/Editor/Samples/ExposeHDRPInternals/HDRP-Editor-ref.asmref has no target assembly definition
Assembly reference Packages/com.unity.cinemachine/Editor/Samples/ExposeHDRPInternals/HDRP-Editor-ref.asmref has no target assembly definition
'Packages/com.unity.cinemachine/Editor/Obsolete/CinemachineVirtualCameraBaseEditor.cs' contains partial class of Unity.Object, exactly 1 of the partial classes needs to be in a file with the same filename. This is to know the one that can be referenced from ie. GameObjects
'Packages/com.unity.cinemachine/Editor/Editors/CinemachineVirtualCameraBaseEditor.cs' contains partial class of Unity.Object, exactly 1 of the partial classes needs to be in a file with the same filename. This is to know the one that can be referenced from ie. GameObjects
Refreshing native plugins compatible for Editor in 2.87 ms, found 4 plugins.
Native extension for WindowsStandalone target not found
Native extension for WebGL target not found
[Package Manager] Failed to launch server process. Reason: Unity was launched with the -noUpm command-line argument
[Package Manager] Unable to send message (not connected to server process).
[Package Manager] Cannot connect to Unity Package Manager local server
[Package Manager] Failed to launch server process. Reason: Unity was launched with the -noUpm command-line argument
[Package Manager] Unable to send message (not connected to server process).
[Package Manager] Cannot connect to Unity Package Manager local server
[Package Manager] Failed to launch server process. Reason: Unity was launched with the -noUpm command-line argument
[Package Manager] Unable to send message (not connected to server process).
[Package Manager] Cannot connect to Unity Package Manager local server
ScheduleIndexationOnStartup MainProcess:False IndexOnStartup:True
Mono: successfully reloaded assembly
- Finished resetting the current domain, in  1.322 seconds
Domain Reload Profiling: 2793ms
	BeginReloadAssembly (338ms)
		DisableScriptedObjects (7ms)
		CreateAndSetChildDomain (75ms)
	RebuildCommonClasses (15ms)
	RebuildNativeTypeToScriptingClass (30ms)
	initialDomainReloadingComplete (123ms)
	LoadAllAssembliesAndSetupDomain (963ms)
		LoadAssemblies (605ms)
		AnalyzeDomain (318ms)
			TypeCache.Refresh (12ms)
			BuildScriptInfoCaches (292ms)
			ResolveRequiredComponents (11ms)
	FinalizeReload (1323ms)
		SetupLoadedEditorAssemblies (0ms)
			InitializePlatformSupportModulesInManaged (3ms)
			BeforeProcessingInitializeOnLoad (143ms)
			ProcessInitializeOnLoadAttributes (603ms)
			ProcessInitializeOnLoadMethodAttributes (132ms)
			AfterProcessingInitializeOnLoad (14ms)
		AwakeInstancesAfterBackupRestoration (22ms)
Refreshing native plugins compatible for Editor in 2.45 ms, found 4 plugins.
Unloading 23 Unused Serialized files (Serialized files now loaded: 0)
Unloading 6819 unused Assets / (6.1 MB). Loaded Objects now: 7689.
Memory consumption went from 325.5 MB to 319.5 MB.
Total: 14.548800 ms (FindLiveObjects: 0.790600 ms CreateObjectMapping: 2.880200 ms MarkObjects: 7.737300 ms  DeleteObjects: 3.139400 ms)

Prepare: number of updated asset objects reloaded= 0
========================================================================
Received Prepare
AcceleratorClientConnectionCallback - disconnected - :0
Refreshing native plugins compatible for Editor in 2.55 ms, found 4 plugins.
Unloading 23 Unused Serialized files (Serialized files now loaded: 0)
Unloading 23 unused Assets / (2.7 MB). Loaded Objects now: 7689.
Memory consumption went from 322.8 MB to 320.1 MB.
Total: 9.577000 ms (FindLiveObjects: 0.427600 ms CreateObjectMapping: 1.077500 ms MarkObjects: 7.628700 ms  DeleteObjects: 0.441700 ms)

Prepare: number of updated asset objects reloaded= 0
========================================================================
Received Import Request.
  Time of request: 2026-07-10T14:08:34.8080876Z
  Time since last request: 47.24214 seconds.
  importAddress: GUID: 9dc9d6a1d4b50214495f7454fc12e3a6 - Path: Assets/Materials/New Material.mat - Importer: PreviewImporter
Importing 'GUID: 9dc9d6a1d4b50214495f7454fc12e3a6 - Path: Assets/Materials/New Material.mat - Importer: PreviewImporter' with importer (PreviewImporter)
Imported 'GUID: 9dc9d6a1d4b50214495f7454fc12e3a6' -> (Import Result ID: 'c0a6c71fc8b2f2b0acfe152ecedbade2') in 1.808 seconds [static and dynamic dependencies]. Details - ImportResultOutputID=8714ba138fcf428fa06f4068abb06407 DependenciesID=08733e8da49680d2a40a252e26f753a5 StaticDependenciesID=aba50a856cb994c8ff8be4dddfffcf9a 
Number of updated asset objects reloaded before import = 0
Number of asset objects unloaded after import = 4
========================================================================
Received Import Request.
  Time of request: 2026-07-10T14:08:36.6402604Z
  Time since last request: 0.0001315 seconds.
  importAddress: GUID: 9dc9d6a1d4b50214495f7454fc12e3a6 - Path: Assets/Materials/New Material.mat - Importer: ScriptedImporter/UnityEditor.QuickSearchModule:UnityEditor.Search:ASIAI0B
Importing 'GUID: 9dc9d6a1d4b50214495f7454fc12e3a6 - Path: Assets/Materials/New Material.mat - Importer: ScriptedImporter/UnityEditor.QuickSearchModule:UnityEditor.Search:ASIAI0B' with importer (ScriptedImporter : UnityEditor.QuickSearchModule:UnityEditor.Search:ASIAI0B)
Imported 'GUID: 9dc9d6a1d4b50214495f7454fc12e3a6' -> (Import Result ID: '75d23218811dd35fbc356068d4606bd5') in 0.148 seconds [static and dynamic dependencies]. Details - ImportResultOutputID=f7aa3853d50d55180e7026c2881f15d4 DependenciesID=95c4ca4d6ef5e9385e18bc3835c7e33b StaticDependenciesID=9929f5dd291b54959be7f393b11d0ab7 
Number of updated asset objects reloaded before import = 0
Number of asset objects unloaded after import = 2
========================================================================
Received Prepare
AcceleratorClientConnectionCallback - disconnected - :0
Refreshing native plugins compatible for Editor in 2.49 ms, found 4 plugins.
Unloading 23 Unused Serialized files (Serialized files now loaded: 0)
Unloading 24 unused Assets / (2.7 MB). Loaded Objects now: 7843.
Memory consumption went from 339.0 MB to 336.4 MB.
Total: 10.947000 ms (FindLiveObjects: 0.443100 ms CreateObjectMapping: 1.082600 ms MarkObjects: 8.976100 ms  DeleteObjects: 0.444200 ms)

Prepare: number of updated asset objects reloaded= 0
========================================================================
Received Import Request.
  Time of request: 2026-07-10T14:09:30.9847817Z
  Time since last request: 54.1645496 seconds.
  importAddress: GUID: 9dc9d6a1d4b50214495f7454fc12e3a6 - Path: Assets/Materials/Spinnig colour.mat - Importer: PreviewImporter
Importing 'GUID: 9dc9d6a1d4b50214495f7454fc12e3a6 - Path: Assets/Materials/Spinnig colour.mat - Importer: PreviewImporter' with importer (PreviewImporter)
Imported 'GUID: 9dc9d6a1d4b50214495f7454fc12e3a6' -> (Import Result ID: '0d548e33479f1e06516edd335e18814b') in 0.017 seconds [static and dynamic dependencies]. Details - ImportResultOutputID=e8adb2a277c74808745dafaf0e0d88b4 DependenciesID=3a0198a69043a2d6e43d8b9cc8177310 StaticDependenciesID=aa9ac9b0d13534d592ed699ee9a49c3e 
Number of updated asset objects reloaded before import = 0
Number of asset objects unloaded after import = 2
========================================================================
Received Import Request.
  Time of request: 2026-07-10T14:09:31.954272Z
  Time since last request: 0.9331887 seconds.
  importAddress: GUID: 9dc9d6a1d4b50214495f7454fc12e3a6 - Path: Assets/Materials/Spinnig colour.mat - Importer: ScriptedImporter/UnityEditor.QuickSearchModule:UnityEditor.Search:ASIAI0B
Importing 'GUID: 9dc9d6a1d4b50214495f7454fc12e3a6 - Path: Assets/Materials/Spinnig colour.mat - Importer: ScriptedImporter/UnityEditor.QuickSearchModule:UnityEditor.Search:ASIAI0B' with importer (ScriptedImporter : UnityEditor.QuickSearchModule:UnityEditor.Search:ASIAI0B)
Imported 'GUID: 9dc9d6a1d4b50214495f7454fc12e3a6' -> (Import Result ID: '884c8ecc941c31e15fa4036e727a84fe') in 0.044 seconds [static and dynamic dependencies]. Details - ImportResultOutputID=e79accf2426b7ccf5d6fe61d7bbfc5dd DependenciesID=744a14260725749b1cf278da66f8867a StaticDependenciesID=f095e0ac07057c6122626d0ec2bfc464 
Number of updated asset objects reloaded before import = 0
Number of asset objects unloaded after import = 2
========================================================================
Received Import Request.
  Time of request: 2026-07-10T14:09:58.3172474Z
  Time since last request: 26.2931265 seconds.
  importAddress: GUID: 658c09f9e1dc7ae4f90e57de0dd2fc9c - Path: Assets/Scripts/Spinner.cs - Importer: PreviewImporter
Importing 'GUID: 658c09f9e1dc7ae4f90e57de0dd2fc9c - Path: Assets/Scripts/Spinner.cs - Importer: PreviewImporter' with importer (PreviewImporter)
Imported 'GUID: 658c09f9e1dc7ae4f90e57de0dd2fc9c' -> (Import Result ID: '20c226f31aa6c7ea8afa6718fc04115f') in 0.001 seconds [static and dynamic dependencies]. Details - ImportResultOutputID=8b2d535b7d2672dc99e4f122e7271f0b DependenciesID=6dd9ae94c73d641f7e1f81b578715f95 StaticDependenciesID=780254775cc6e40fbf84535d915a23f3 
Number of updated asset objects reloaded before import = 0
Number of asset objects unloaded after import = 0
========================================================================
Received Prepare
AcceleratorClientConnectionCallback - disconnected - :0
'Packages/com.unity.cinemachine/Editor/Obsolete/CinemachineVirtualCameraBaseEditor.cs' contains partial class of Unity.Object, exactly 1 of the partial classes needs to be in a file with the same filename. This is to know the one that can be referenced from ie. GameObjects
'Packages/com.unity.cinemachine/Editor/Editors/CinemachineVirtualCameraBaseEditor.cs' contains partial class of Unity.Object, exactly 1 of the partial classes needs to be in a file with the same filename. This is to know the one that can be referenced from ie. GameObjects
Refreshing native plugins compatible for Editor in 11.86 ms, found 4 plugins.
Unloading 23 Unused Serialized files (Serialized files now loaded: 0)
Unloading 6808 unused Assets / (6.0 MB). Loaded Objects now: 7843.
Memory consumption went from 344.1 MB to 338.1 MB.
Total: 37.998400 ms (FindLiveObjects: 2.190400 ms CreateObjectMapping: 9.924400 ms MarkObjects: 20.417400 ms  DeleteObjects: 5.464000 ms)

Prepare: number of updated asset objects reloaded= 0
========================================================================
Received Import Request.
  Time of request: 2026-07-10T14:13:30.9396773Z
  Time since last request: 212.60472970000001 seconds.
  importAddress: GUID: 658c09f9e1dc7ae4f90e57de0dd2fc9c - Path: Assets/Scripts/Spinner.cs - Importer: ScriptedImporter/UnityEditor.QuickSearchModule:UnityEditor.Search:ASIAI0B
Importing 'GUID: 658c09f9e1dc7ae4f90e57de0dd2fc9c - Path: Assets/Scripts/Spinner.cs - Importer: ScriptedImporter/UnityEditor.QuickSearchModule:UnityEditor.Search:ASIAI0B' with importer (ScriptedImporter : UnityEditor.QuickSearchModule:UnityEditor.Search:ASIAI0B)
Imported 'GUID: 658c09f9e1dc7ae4f90e57de0dd2fc9c' -> (Import Result ID: 'b89315e4c057ee88e864270daa4fa394') in 0.094 seconds [static and dynamic dependencies]. Details - ImportResultOutputID=4d785ae14591c04d2f9ef26c7fdd4d95 DependenciesID=4e5f29b03835d91e500964da9a3b520f StaticDependenciesID=b4b216f927a67e668f8b21f5bf461e4a 
Number of updated asset objects reloaded before import = 0
Number of asset objects unloaded after import = 0
========================================================================
Received Prepare
AcceleratorClientConnectionCallback - disconnected - :0
'Packages/com.unity.cinemachine/Editor/Obsolete/CinemachineVirtualCameraBaseEditor.cs' contains partial class of Unity.Object, exactly 1 of the partial classes needs to be in a file with the same filename. This is to know the one that can be referenced from ie. GameObjects
'Packages/com.unity.cinemachine/Editor/Editors/CinemachineVirtualCameraBaseEditor.cs' contains partial class of Unity.Object, exactly 1 of the partial classes needs to be in a file with the same filename. This is to know the one that can be referenced from ie. GameObjects
Refreshing native plugins compatible for Editor in 3.80 ms, found 4 plugins.
Unloading 23 Unused Serialized files (Serialized files now loaded: 0)
Unloading 6808 unused Assets / (6.1 MB). Loaded Objects now: 7843.
Memory consumption went from 346.2 MB to 340.1 MB.
Total: 18.905600 ms (FindLiveObjects: 0.944700 ms CreateObjectMapping: 3.074700 ms MarkObjects: 11.747700 ms  DeleteObjects: 3.137000 ms)

Prepare: number of updated asset objects reloaded= 0
========================================================================
Received Import Request.
  Time of request: 2026-07-10T14:14:19.4118336Z
  Time since last request: 48.33643 seconds.
  importAddress: GUID: 658c09f9e1dc7ae4f90e57de0dd2fc9c - Path: Assets/Scripts/Spinner.cs - Importer: ScriptedImporter/UnityEditor.QuickSearchModule:UnityEditor.Search:ASIAI0B
Importing 'GUID: 658c09f9e1dc7ae4f90e57de0dd2fc9c - Path: Assets/Scripts/Spinner.cs - Importer: ScriptedImporter/UnityEditor.QuickSearchModule:UnityEditor.Search:ASIAI0B' with importer (ScriptedImporter : UnityEditor.QuickSearchModule:UnityEditor.Search:ASIAI0B)
Imported 'GUID: 658c09f9e1dc7ae4f90e57de0dd2fc9c' -> (Import Result ID: '127e1893af8ac6e8c391e153714fcdc1') in 0.130 seconds [static and dynamic dependencies]. Details - ImportResultOutputID=2e7ae3a31799f8e2bf3179caf2bdffbb DependenciesID=49896ee0b2371cd0ff5189684ddab99a StaticDependenciesID=a6625ec6890e7dbd762d65db983b4b94 
Number of updated asset objects reloaded before import = 0
Number of asset objects unloaded after import = 0
========================================================================
Received Prepare
AcceleratorClientConnectionCallback - disconnected - :0
'Packages/com.unity.cinemachine/Editor/Obsolete/CinemachineVirtualCameraBaseEditor.cs' contains partial class of Unity.Object, exactly 1 of the partial classes needs to be in a file with the same filename. This is to know the one that can be referenced from ie. GameObjects
'Packages/com.unity.cinemachine/Editor/Editors/CinemachineVirtualCameraBaseEditor.cs' contains partial class of Unity.Object, exactly 1 of the partial classes needs to be in a file with the same filename. This is to know the one that can be referenced from ie. GameObjects
Refreshing native plugins compatible for Editor in 2.56 ms, found 4 plugins.
Unloading 23 Unused Serialized files (Serialized files now loaded: 0)
Unloading 6808 unused Assets / (5.9 MB). Loaded Objects now: 7843.
Memory consumption went from 346.2 MB to 340.3 MB.
Total: 17.222100 ms (FindLiveObjects: 0.920500 ms CreateObjectMapping: 2.858200 ms MarkObjects: 10.340600 ms  DeleteObjects: 3.101400 ms)

Prepare: number of updated asset objects reloaded= 0
========================================================================
Received Import Request.
  Time of request: 2026-07-10T14:14:53.8085871Z
  Time since last request: 34.2485873 seconds.
  importAddress: GUID: 658c09f9e1dc7ae4f90e57de0dd2fc9c - Path: Assets/Scripts/Spinner.cs - Importer: ScriptedImporter/UnityEditor.QuickSearchModule:UnityEditor.Search:ASIAI0B
Importing 'GUID: 658c09f9e1dc7ae4f90e57de0dd2fc9c - Path: Assets/Scripts/Spinner.cs - Importer: ScriptedImporter/UnityEditor.QuickSearchModule:UnityEditor.Search:ASIAI0B' with importer (ScriptedImporter : UnityEditor.QuickSearchModule:UnityEditor.Search:ASIAI0B)
Imported 'GUID: 658c09f9e1dc7ae4f90e57de0dd2fc9c' -> (Import Result ID: '6aea61cab37af989110bade4e47f9512') in 0.086 seconds [static and dynamic dependencies]. Details - ImportResultOutputID=07b70592903f44b577691e7139691c89 DependenciesID=77866862d8be7b09e5d8a4ef6a6c85b9 StaticDependenciesID=2144647fbbf4cd5915abc18c8c129ff0 
Number of updated asset objects reloaded before import = 0
Number of asset objects unloaded after import = 0
========================================================================
Received Prepare
AcceleratorClientConnectionCallback - disconnected - :0
'Packages/com.unity.cinemachine/Editor/Obsolete/CinemachineVirtualCameraBaseEditor.cs' contains partial class of Unity.Object, exactly 1 of the partial classes needs to be in a file with the same filename. This is to know the one that can be referenced from ie. GameObjects
'Packages/com.unity.cinemachine/Editor/Editors/CinemachineVirtualCameraBaseEditor.cs' contains partial class of Unity.Object, exactly 1 of the partial classes needs to be in a file with the same filename. This is to know the one that can be referenced from ie. GameObjects
Refreshing native plugins compatible for Editor in 3.57 ms, found 4 plugins.
Unloading 23 Unused Serialized files (Serialized files now loaded: 0)
Unloading 6808 unused Assets / (6.0 MB). Loaded Objects now: 7843.
Memory consumption went from 346.2 MB to 340.2 MB.
Total: 18.064100 ms (FindLiveObjects: 1.076800 ms CreateObjectMapping: 3.419200 ms MarkObjects: 9.202900 ms  DeleteObjects: 4.363100 ms)

Prepare: number of updated asset objects reloaded= 0
========================================================================
Received Import Request.
  Time of request: 2026-07-10T14:15:29.855802Z
  Time since last request: 35.9383592 seconds.
  importAddress: GUID: 658c09f9e1dc7ae4f90e57de0dd2fc9c - Path: Assets/Scripts/Spinner.cs - Importer: ScriptedImporter/UnityEditor.QuickSearchModule:UnityEditor.Search:ASIAI0B
Importing 'GUID: 658c09f9e1dc7ae4f90e57de0dd2fc9c - Path: Assets/Scripts/Spinner.cs - Importer: ScriptedImporter/UnityEditor.QuickSearchModule:UnityEditor.Search:ASIAI0B' with importer (ScriptedImporter : UnityEditor.QuickSearchModule:UnityEditor.Search:ASIAI0B)
Imported 'GUID: 658c09f9e1dc7ae4f90e57de0dd2fc9c' -> (Import Result ID: 'f1fb491cea4d67f8297dbe5a1ef0da82') in 0.047 seconds [static and dynamic dependencies]. Details - ImportResultOutputID=dc80a191e29d7f2bcca2769e2c1b4281 DependenciesID=870f2460278590212b0f1ede640ffbc6 StaticDependenciesID=e5e39ac231da9f324ae8d26727c4e298 
Number of updated asset objects reloaded before import = 0
Number of asset objects unloaded after import = 0
========================================================================
Received Import Request.
  Time of request: 2026-07-10T14:17:12.3720326Z
  Time since last request: 102.4431392 seconds.
  importAddress: GUID: 658c09f9e1dc7ae4f90e57de0dd2fc9c - Path: Assets/Scripts/Spinner.cs - Importer: PreviewImporter
Importing 'GUID: 658c09f9e1dc7ae4f90e57de0dd2fc9c - Path: Assets/Scripts/Spinner.cs - Importer: PreviewImporter' with importer (PreviewImporter)
Imported 'GUID: 658c09f9e1dc7ae4f90e57de0dd2fc9c' -> (Import Result ID: '45f5dc2d68d7ca9ab3ea169f9b81f8b5') in 0.003 seconds [static and dynamic dependencies]. Details - ImportResultOutputID=8b2d535b7d2672dc99e4f122e7271f0b DependenciesID=cafb6cfd6cf43c69a930048c8ce53cff StaticDependenciesID=2bc96263568a9919c8e6e49b728c9cf3 
Number of updated asset objects reloaded before import = 0
Number of asset objects unloaded after import = 0
========================================================================
Received Prepare
AcceleratorClientConnectionCallback - disconnected - :0
'Packages/com.unity.cinemachine/Editor/Obsolete/CinemachineVirtualCameraBaseEditor.cs' contains partial class of Unity.Object, exactly 1 of the partial classes needs to be in a file with the same filename. This is to know the one that can be referenced from ie. GameObjects
'Packages/com.unity.cinemachine/Editor/Editors/CinemachineVirtualCameraBaseEditor.cs' contains partial class of Unity.Object, exactly 1 of the partial classes needs to be in a file with the same filename. This is to know the one that can be referenced from ie. GameObjects
Refreshing native plugins compatible for Editor in 2.53 ms, found 4 plugins.
Unloading 23 Unused Serialized files (Serialized files now loaded: 0)
Unloading 6808 unused Assets / (5.8 MB). Loaded Objects now: 7843.
Memory consumption went from 344.1 MB to 338.3 MB.
Total: 16.517800 ms (FindLiveObjects: 0.833400 ms CreateObjectMapping: 2.959300 ms MarkObjects: 9.258300 ms  DeleteObjects: 3.465800 ms)

Prepare: number of updated asset objects reloaded= 0
========================================================================
Received Import Request.
  Time of request: 2026-07-10T14:17:34.846681Z
  Time since last request: 22.4409646 seconds.
  importAddress: GUID: 658c09f9e1dc7ae4f90e57de0dd2fc9c - Path: Assets/Scripts/Spinner.cs - Importer: ScriptedImporter/UnityEditor.QuickSearchModule:UnityEditor.Search:ASIAI0B
Importing 'GUID: 658c09f9e1dc7ae4f90e57de0dd2fc9c - Path: Assets/Scripts/Spinner.cs - Importer: ScriptedImporter/UnityEditor.QuickSearchModule:UnityEditor.Search:ASIAI0B' with importer (ScriptedImporter : UnityEditor.QuickSearchModule:UnityEditor.Search:ASIAI0B)
Imported 'GUID: 658c09f9e1dc7ae4f90e57de0dd2fc9c' -> (Import Result ID: '73e5eee8a6a84319836b86e644d68c83') in 0.076 seconds [static and dynamic dependencies]. Details - ImportResultOutputID=7a43b8e3435edc5a5bd076ea9a04820e DependenciesID=1932bd8f01be52f89be883bad8929f8b StaticDependenciesID=44809f33af7fd7414bbd94270c3dcf16 
Number of updated asset objects reloaded before import = 0
Number of asset objects unloaded after import = 0
========================================================================
Received Prepare
AcceleratorClientConnectionCallback - disconnected - :0
Assembly reference Packages/com.unity.cinemachine/Editor/Samples/ExposeHDRPInternals/HDRP-Editor-ref.asmref has no target assembly definition
Assembly reference Packages/com.unity.cinemachine/Editor/Samples/ExposeHDRPInternals/HDRP-Editor-ref.asmref has no target assembly definition
[Licensing::Client] Successfully resolved entitlement details
Begin MonoManager ReloadAssembly
Assembly reference Packages/com.unity.cinemachine/Editor/Samples/ExposeHDRPInternals/HDRP-Editor-ref.asmref has no target assembly definition
Assembly reference Packages/com.unity.cinemachine/Editor/Samples/ExposeHDRPInternals/HDRP-Editor-ref.asmref has no target assembly definition
'Packages/com.unity.cinemachine/Editor/Obsolete/CinemachineVirtualCameraBaseEditor.cs' contains partial class of Unity.Object, exactly 1 of the partial classes needs to be in a file with the same filename. This is to know the one that can be referenced from ie. GameObjects
'Packages/com.unity.cinemachine/Editor/Editors/CinemachineVirtualCameraBaseEditor.cs' contains partial class of Unity.Object, exactly 1 of the partial classes needs to be in a file with the same filename. This is to know the one that can be referenced from ie. GameObjects
Refreshing native plugins compatible for Editor in 3.57 ms, found 4 plugins.
Native extension for WindowsStandalone target not found
Native extension for WebGL target not found
[Package Manager] Failed to launch server process. Reason: Unity was launched with the -noUpm command-line argument
[Package Manager] Unable to send message (not connected to server process).
[Package Manager] Cannot connect to Unity Package Manager local server
[Package Manager] Failed to launch server process. Reason: Unity was launched with the -noUpm command-line argument
[Package Manager] Unable to send message (not connected to server process).
[Package Manager] Cannot connect to Unity Package Manager local server
[Package Manager] Failed to launch server process. Reason: Unity was launched with the -noUpm command-line argument
[Package Manager] Unable to send message (not connected to server process).
[Package Manager] Cannot connect to Unity Package Manager local server
ScheduleIndexationOnStartup MainProcess:False IndexOnStartup:True
Mono: successfully reloaded assembly
- Finished resetting the current domain, in  1.230 seconds
Domain Reload Profiling: 3713ms
	BeginReloadAssembly (380ms)
		DisableScriptedObjects (25ms)
		CreateAndSetChildDomain (77ms)
	RebuildCommonClasses (11ms)
	RebuildNativeTypeToScriptingClass (24ms)
	initialDomainReloadingComplete (105ms)
	LoadAllAssembliesAndSetupDomain (1964ms)
		LoadAssemblies (1658ms)
		AnalyzeDomain (312ms)
			TypeCache.Refresh (12ms)
			BuildScriptInfoCaches (284ms)
			ResolveRequiredComponents (12ms)
	FinalizeReload (1231ms)
		SetupLoadedEditorAssemblies (0ms)
			InitializePlatformSupportModulesInManaged (3ms)
			BeforeProcessingInitializeOnLoad (128ms)
			ProcessInitializeOnLoadAttributes (552ms)
			ProcessInitializeOnLoadMethodAttributes (180ms)
			AfterProcessingInitializeOnLoad (14ms)
		AwakeInstancesAfterBackupRestoration (24ms)
Refreshing native plugins compatible for Editor in 3.38 ms, found 4 plugins.
Unloading 23 Unused Serialized files (Serialized files now loaded: 0)
Unloading 6819 unused Assets / (6.1 MB). Loaded Objects now: 7755.
Memory consumption went from 338.6 MB to 332.5 MB.
Total: 16.309400 ms (FindLiveObjects: 1.038900 ms CreateObjectMapping: 3.700800 ms MarkObjects: 8.028500 ms  DeleteObjects: 3.540000 ms)

Prepare: number of updated asset objects reloaded= 0
========================================================================
Received Import Request.
  Time of request: 2026-07-10T14:19:47.4972653Z
  Time since last request: 132.5472767 seconds.
  importAddress: GUID: 658c09f9e1dc7ae4f90e57de0dd2fc9c - Path: Assets/Scripts/Spinner.cs - Importer: PreviewImporter
Importing 'GUID: 658c09f9e1dc7ae4f90e57de0dd2fc9c - Path: Assets/Scripts/Spinner.cs - Importer: PreviewImporter' with importer (PreviewImporter)
Imported 'GUID: 658c09f9e1dc7ae4f90e57de0dd2fc9c' -> (Import Result ID: '2d0497dceb9bf0cf20521cca4b34283e') in 0.005 seconds [static and dynamic dependencies]. Details - ImportResultOutputID=8b2d535b7d2672dc99e4f122e7271f0b DependenciesID=fdc86a4d847dcd3971911e4a31ab75e3 StaticDependenciesID=93296c8b54857865607ce1770dbf8928 
Number of updated asset objects reloaded before import = 0
Number of asset objects unloaded after import = 0
========================================================================
Received Prepare
AcceleratorClientConnectionCallback - disconnected - :0
'Packages/com.unity.cinemachine/Editor/Obsolete/CinemachineVirtualCameraBaseEditor.cs' contains partial class of Unity.Object, exactly 1 of the partial classes needs to be in a file with the same filename. This is to know the one that can be referenced from ie. GameObjects
'Packages/com.unity.cinemachine/Editor/Editors/CinemachineVirtualCameraBaseEditor.cs' contains partial class of Unity.Object, exactly 1 of the partial classes needs to be in a file with the same filename. This is to know the one that can be referenced from ie. GameObjects
Refreshing native plugins compatible for Editor in 6.35 ms, found 4 plugins.
Unloading 23 Unused Serialized files (Serialized files now loaded: 0)
Unloading 6808 unused Assets / (5.9 MB). Loaded Objects now: 7755.
Memory consumption went from 338.6 MB to 332.7 MB.
Total: 21.790500 ms (FindLiveObjects: 1.370300 ms CreateObjectMapping: 7.146600 ms MarkObjects: 9.272100 ms  DeleteObjects: 3.999800 ms)

Prepare: number of updated asset objects reloaded= 0
========================================================================
Received Import Request.
  Time of request: 2026-07-10T14:25:56.0486453Z
  Time since last request: 368.52872330000002 seconds.
  importAddress: GUID: 658c09f9e1dc7ae4f90e57de0dd2fc9c - Path: Assets/Scripts/Spinner.cs - Importer: PreviewImporter
Importing 'GUID: 658c09f9e1dc7ae4f90e57de0dd2fc9c - Path: Assets/Scripts/Spinner.cs - Importer: PreviewImporter' with importer (PreviewImporter)
Imported 'GUID: 658c09f9e1dc7ae4f90e57de0dd2fc9c' -> (Import Result ID: '3383d33738a312bdbf5bd57aaaf69f55') in 0.003 seconds [static and dynamic dependencies]. Details - ImportResultOutputID=8b2d535b7d2672dc99e4f122e7271f0b DependenciesID=e713142190d904afef52d18ac636655f StaticDependenciesID=f581c47b19145673b8015e6d603cc8fc 
Number of updated asset objects reloaded before import = 0
Number of asset objects unloaded after import = 0
========================================================================
Received Prepare
AcceleratorClientConnectionCallback - disconnected - :0
'Packages/com.unity.cinemachine/Editor/Obsolete/CinemachineVirtualCameraBaseEditor.cs' contains partial class of Unity.Object, exactly 1 of the partial classes needs to be in a file with the same filename. This is to know the one that can be referenced from ie. GameObjects
'Packages/com.unity.cinemachine/Editor/Editors/CinemachineVirtualCameraBaseEditor.cs' contains partial class of Unity.Object, exactly 1 of the partial classes needs to be in a file with the same filename. This is to know the one that can be referenced from ie. GameObjects
Refreshing native plugins compatible for Editor in 2.49 ms, found 4 plugins.
Unloading 23 Unused Serialized files (Serialized files now loaded: 0)
Unloading 6808 unused Assets / (6.0 MB). Loaded Objects now: 7755.
Memory consumption went from 338.6 MB to 332.6 MB.
Total: 15.675700 ms (FindLiveObjects: 0.833600 ms CreateObjectMapping: 2.920300 ms MarkObjects: 8.199000 ms  DeleteObjects: 3.721600 ms)

Prepare: number of updated asset objects reloaded= 0
========================================================================
Received Prepare
AcceleratorClientConnectionCallback - disconnected - :0
Assembly reference Packages/com.unity.cinemachine/Editor/Samples/ExposeHDRPInternals/HDRP-Editor-ref.asmref has no target assembly definition
Assembly reference Packages/com.unity.cinemachine/Editor/Samples/ExposeHDRPInternals/HDRP-Editor-ref.asmref has no target assembly definition
[Licensing::Client] Successfully resolved entitlement details
Begin MonoManager ReloadAssembly
Assembly reference Packages/com.unity.cinemachine/Editor/Samples/ExposeHDRPInternals/HDRP-Editor-ref.asmref has no target assembly definition
Assembly reference Packages/com.unity.cinemachine/Editor/Samples/ExposeHDRPInternals/HDRP-Editor-ref.asmref has no target assembly definition
'Packages/com.unity.cinemachine/Editor/Obsolete/CinemachineVirtualCameraBaseEditor.cs' contains partial class of Unity.Object, exactly 1 of the partial classes needs to be in a file with the same filename. This is to know the one that can be referenced from ie. GameObjects
'Packages/com.unity.cinemachine/Editor/Editors/CinemachineVirtualCameraBaseEditor.cs' contains partial class of Unity.Object, exactly 1 of the partial classes needs to be in a file with the same filename. This is to know the one that can be referenced from ie. GameObjects
Refreshing native plugins compatible for Editor in 3.83 ms, found 4 plugins.
Native extension for WindowsStandalone target not found
Native extension for WebGL target not found
[Package Manager] Failed to launch server process. Reason: Unity was launched with the -noUpm command-line argument
[Package Manager] Unable to send message (not connected to server process).
[Package Manager] Cannot connect to Unity Package Manager local server
[Package Manager] Failed to launch server process. Reason: Unity was launched with the -noUpm command-line argument
[Package Manager] Unable to send message (not connected to server process).
[Package Manager] Cannot connect to Unity Package Manager local server
[Package Manager] Failed to launch server process. Reason: Unity was launched with the -noUpm command-line argument
[Package Manager] Unable to send message (not connected to server process).
[Package Manager] Cannot connect to Unity Package Manager local server
ScheduleIndexationOnStartup MainProcess:False IndexOnStartup:True
Mono: successfully reloaded assembly
- Finished resetting the current domain, in  1.322 seconds
Domain Reload Profiling: 3360ms
	BeginReloadAssembly (335ms)
		DisableScriptedObjects (8ms)
		CreateAndSetChildDomain (62ms)
	RebuildCommonClasses (18ms)
	RebuildNativeTypeToScriptingClass (26ms)
	initialDomainReloadingComplete (111ms)
	LoadAllAssembliesAndSetupDomain (1546ms)
		LoadAssemblies (1225ms)
		AnalyzeDomain (294ms)
			TypeCache.Refresh (12ms)
			BuildScriptInfoCaches (264ms)
			ResolveRequiredComponents (16ms)
	FinalizeReload (1325ms)
		SetupLoadedEditorAssemblies (0ms)
			InitializePlatformSupportModulesInManaged (3ms)
			BeforeProcessingInitializeOnLoad (137ms)
			ProcessInitializeOnLoadAttributes (615ms)
			ProcessInitializeOnLoadMethodAttributes (190ms)
			AfterProcessingInitializeOnLoad (23ms)
		AwakeInstancesAfterBackupRestoration (40ms)
Refreshing native plugins compatible for Editor in 6.33 ms, found 4 plugins.
Unloading 23 Unused Serialized files (Serialized files now loaded: 0)
Unloading 6819 unused Assets / (5.7 MB). Loaded Objects now: 7758.
Memory consumption went from 340.7 MB to 334.9 MB.
Total: 24.654900 ms (FindLiveObjects: 1.265200 ms CreateObjectMapping: 4.732400 ms MarkObjects: 12.322700 ms  DeleteObjects: 6.333200 ms)

Prepare: number of updated asset objects reloaded= 0
========================================================================
Received Import Request.
  Time of request: 2026-07-10T14:35:08.5142577Z
  Time since last request: 552.43919149999999 seconds.
  importAddress: GUID: 658c09f9e1dc7ae4f90e57de0dd2fc9c - Path: Assets/Scripts/Spinner.cs - Importer: PreviewImporter
Importing 'GUID: 658c09f9e1dc7ae4f90e57de0dd2fc9c - Path: Assets/Scripts/Spinner.cs - Importer: PreviewImporter' with importer (PreviewImporter)
Imported 'GUID: 658c09f9e1dc7ae4f90e57de0dd2fc9c' -> (Import Result ID: '6e80fd879744f208cefc7481f1218258') in 0.003 seconds [static and dynamic dependencies]. Details - ImportResultOutputID=8b2d535b7d2672dc99e4f122e7271f0b DependenciesID=f9bda23f3105b8cb65a31145281c74e0 StaticDependenciesID=612215edc34353e8247ddb0ec59edc1c 
Number of updated asset objects reloaded before import = 0
Number of asset objects unloaded after import = 0
========================================================================
Received Prepare
AcceleratorClientConnectionCallback - disconnected - :0
'Packages/com.unity.cinemachine/Editor/Obsolete/CinemachineVirtualCameraBaseEditor.cs' contains partial class of Unity.Object, exactly 1 of the partial classes needs to be in a file with the same filename. This is to know the one that can be referenced from ie. GameObjects
'Packages/com.unity.cinemachine/Editor/Editors/CinemachineVirtualCameraBaseEditor.cs' contains partial class of Unity.Object, exactly 1 of the partial classes needs to be in a file with the same filename. This is to know the one that can be referenced from ie. GameObjects
Refreshing native plugins compatible for Editor in 3.87 ms, found 4 plugins.
Unloading 23 Unused Serialized files (Serialized files now loaded: 0)
Unloading 6808 unused Assets / (5.2 MB). Loaded Objects now: 7758.
Memory consumption went from 340.8 MB to 335.6 MB.
Total: 27.197600 ms (FindLiveObjects: 1.115100 ms CreateObjectMapping: 11.016200 ms MarkObjects: 11.497800 ms  DeleteObjects: 3.567400 ms)

Prepare: number of updated asset objects reloaded= 0
========================================================================
Received Prepare
AcceleratorClientConnectionCallback - disconnected - :0
Assembly reference Packages/com.unity.cinemachine/Editor/Samples/ExposeHDRPInternals/HDRP-Editor-ref.asmref has no target assembly definition
Assembly reference Packages/com.unity.cinemachine/Editor/Samples/ExposeHDRPInternals/HDRP-Editor-ref.asmref has no target assembly definition
[Licensing::Client] Successfully resolved entitlement details
Begin MonoManager ReloadAssembly
Assembly reference Packages/com.unity.cinemachine/Editor/Samples/ExposeHDRPInternals/HDRP-Editor-ref.asmref has no target assembly definition
Assembly reference Packages/com.unity.cinemachine/Editor/Samples/ExposeHDRPInternals/HDRP-Editor-ref.asmref has no target assembly definition
'Packages/com.unity.cinemachine/Editor/Obsolete/CinemachineVirtualCameraBaseEditor.cs' contains partial class of Unity.Object, exactly 1 of the partial classes needs to be in a file with the same filename. This is to know the one that can be referenced from ie. GameObjects
'Packages/com.unity.cinemachine/Editor/Editors/CinemachineVirtualCameraBaseEditor.cs' contains partial class of Unity.Object, exactly 1 of the partial classes needs to be in a file with the same filename. This is to know the one that can be referenced from ie. GameObjects
Refreshing native plugins compatible for Editor in 3.36 ms, found 4 plugins.
Native extension for WindowsStandalone target not found
Native extension for WebGL target not found
[Package Manager] Failed to launch server process. Reason: Unity was launched with the -noUpm command-line argument
[Package Manager] Unable to send message (not connected to server process).
[Package Manager] Cannot connect to Unity Package Manager local server
[Package Manager] Failed to launch server process. Reason: Unity was launched with the -noUpm command-line argument
[Package Manager] Unable to send message (not connected to server process).
[Package Manager] Cannot connect to Unity Package Manager local server
[Package Manager] Failed to launch server process. Reason: Unity was launched with the -noUpm command-line argument
[Package Manager] Unable to send message (not connected to server process).
[Package Manager] Cannot connect to Unity Package Manager local server
ScheduleIndexationOnStartup MainProcess:False IndexOnStartup:True
Mono: successfully reloaded assembly
- Finished resetting the current domain, in  1.283 seconds
Domain Reload Profiling: 2720ms
	BeginReloadAssembly (352ms)
		DisableScriptedObjects (7ms)
		CreateAndSetChildDomain (66ms)
	RebuildCommonClasses (12ms)
	RebuildNativeTypeToScriptingClass (24ms)
	initialDomainReloadingComplete (111ms)
	LoadAllAssembliesAndSetupDomain (937ms)
		LoadAssemblies (571ms)
		AnalyzeDomain (314ms)
			TypeCache.Refresh (12ms)
			BuildScriptInfoCaches (287ms)
			ResolveRequiredComponents (13ms)
	FinalizeReload (1284ms)
		SetupLoadedEditorAssemblies (0ms)
			InitializePlatformSupportModulesInManaged (5ms)
			BeforeProcessingInitializeOnLoad (154ms)
			ProcessInitializeOnLoadAttributes (585ms)
			ProcessInitializeOnLoadMethodAttributes (175ms)
			AfterProcessingInitializeOnLoad (15ms)
		AwakeInstancesAfterBackupRestoration (27ms)
Refreshing native plugins compatible for Editor in 2.68 ms, found 4 plugins.
Unloading 23 Unused Serialized files (Serialized files now loaded: 0)
Unloading 6819 unused Assets / (6.4 MB). Loaded Objects now: 7761.
Memory consumption went from 342.9 MB to 336.5 MB.
Total: 16.811700 ms (FindLiveObjects: 1.034100 ms CreateObjectMapping: 3.880600 ms MarkObjects: 7.174200 ms  DeleteObjects: 4.721500 ms)

Prepare: number of updated asset objects reloaded= 0
========================================================================
Received Prepare
AcceleratorClientConnectionCallback - disconnected - :0
'Packages/com.unity.cinemachine/Editor/Obsolete/CinemachineVirtualCameraBaseEditor.cs' contains partial class of Unity.Object, exactly 1 of the partial classes needs to be in a file with the same filename. This is to know the one that can be referenced from ie. GameObjects
'Packages/com.unity.cinemachine/Editor/Editors/CinemachineVirtualCameraBaseEditor.cs' contains partial class of Unity.Object, exactly 1 of the partial classes needs to be in a file with the same filename. This is to know the one that can be referenced from ie. GameObjects
Refreshing native plugins compatible for Editor in 2.61 ms, found 4 plugins.
Unloading 23 Unused Serialized files (Serialized files now loaded: 0)
Unloading 6808 unused Assets / (4.9 MB). Loaded Objects now: 7761.
Memory consumption went from 345.2 MB to 340.3 MB.
Total: 18.967700 ms (FindLiveObjects: 0.926400 ms CreateObjectMapping: 3.047800 ms MarkObjects: 11.866500 ms  DeleteObjects: 3.126000 ms)

Prepare: number of updated asset objects reloaded= 0
========================================================================
Received Prepare
AcceleratorClientConnectionCallback - disconnected - :0
Assembly reference Packages/com.unity.cinemachine/Editor/Samples/ExposeHDRPInternals/HDRP-Editor-ref.asmref has no target assembly definition
Assembly reference Packages/com.unity.cinemachine/Editor/Samples/ExposeHDRPInternals/HDRP-Editor-ref.asmref has no target assembly definition
[Licensing::Client] Successfully resolved entitlement details
Begin MonoManager ReloadAssembly
Assembly reference Packages/com.unity.cinemachine/Editor/Samples/ExposeHDRPInternals/HDRP-Editor-ref.asmref has no target assembly definition
Assembly reference Packages/com.unity.cinemachine/Editor/Samples/ExposeHDRPInternals/HDRP-Editor-ref.asmref has no target assembly definition
'Packages/com.unity.cinemachine/Editor/Obsolete/CinemachineVirtualCameraBaseEditor.cs' contains partial class of Unity.Object, exactly 1 of the partial classes needs to be in a file with the same filename. This is to know the one that can be referenced from ie. GameObjects
'Packages/com.unity.cinemachine/Editor/Editors/CinemachineVirtualCameraBaseEditor.cs' contains partial class of Unity.Object, exactly 1 of the partial classes needs to be in a file with the same filename. This is to know the one that can be referenced from ie. GameObjects
Refreshing native plugins compatible for Editor in 4.22 ms, found 4 plugins.
Native extension for WindowsStandalone target not found
Native extension for WebGL target not found
[Package Manager] Failed to launch server process. Reason: Unity was launched with the -noUpm command-line argument
[Package Manager] Unable to send message (not connected to server process).
[Package Manager] Cannot connect to Unity Package Manager local server
[Package Manager] Failed to launch server process. Reason: Unity was launched with the -noUpm command-line argument
[Package Manager] Unable to send message (not connected to server process).
[Package Manager] Cannot connect to Unity Package Manager local server
[Package Manager] Failed to launch server process. Reason: Unity was launched with the -noUpm command-line argument
[Package Manager] Unable to send message (not connected to server process).
[Package Manager] Cannot connect to Unity Package Manager local server
ScheduleIndexationOnStartup MainProcess:False IndexOnStartup:True
Mono: successfully reloaded assembly
- Finished resetting the current domain, in  1.117 seconds
Domain Reload Profiling: 2533ms
	BeginReloadAssembly (324ms)
		DisableScriptedObjects (8ms)
		CreateAndSetChildDomain (63ms)
	RebuildCommonClasses (14ms)
	RebuildNativeTypeToScriptingClass (30ms)
	initialDomainReloadingComplete (104ms)
	LoadAllAssembliesAndSetupDomain (943ms)
		LoadAssemblies (589ms)
		AnalyzeDomain (320ms)
			TypeCache.Refresh (13ms)
			BuildScriptInfoCaches (295ms)
			ResolveRequiredComponents (10ms)
	FinalizeReload (1118ms)
		SetupLoadedEditorAssemblies (0ms)
			InitializePlatformSupportModulesInManaged (4ms)
			BeforeProcessingInitializeOnLoad (118ms)
			ProcessInitializeOnLoadAttributes (514ms)
			ProcessInitializeOnLoadMethodAttributes (134ms)
			AfterProcessingInitializeOnLoad (13ms)
		AwakeInstancesAfterBackupRestoration (24ms)
Refreshing native plugins compatible for Editor in 2.46 ms, found 4 plugins.
Unloading 23 Unused Serialized files (Serialized files now loaded: 0)
Unloading 6819 unused Assets / (5.9 MB). Loaded Objects now: 7764.
Memory consumption went from 347.3 MB to 341.4 MB.
Total: 14.604800 ms (FindLiveObjects: 0.848500 ms CreateObjectMapping: 3.094300 ms MarkObjects: 7.449800 ms  DeleteObjects: 3.211200 ms)

Prepare: number of updated asset objects reloaded= 0
========================================================================
Received Import Request.
  Time of request: 2026-07-10T14:55:38.6630129Z
  Time since last request: 1230.1286634999999 seconds.
  importAddress: GUID: 658c09f9e1dc7ae4f90e57de0dd2fc9c - Path: Assets/Scripts/Spinner.cs - Importer: PreviewImporter
Importing 'GUID: 658c09f9e1dc7ae4f90e57de0dd2fc9c - Path: Assets/Scripts/Spinner.cs - Importer: PreviewImporter' with importer (PreviewImporter)
Imported 'GUID: 658c09f9e1dc7ae4f90e57de0dd2fc9c' -> (Import Result ID: '771e2f28544a1ba748a95fd39d7b7de8') in 0.004 seconds [static and dynamic dependencies]. Details - ImportResultOutputID=8b2d535b7d2672dc99e4f122e7271f0b DependenciesID=f71326c162ccc25cb1f6ffb311b47fb8 StaticDependenciesID=dd528a211ac5a5a24cb2e766a93003da 
Number of updated asset objects reloaded before import = 0
Number of asset objects unloaded after import = 0
========================================================================
Received Prepare
AcceleratorClientConnectionCallback - disconnected - :0
'Packages/com.unity.cinemachine/Editor/Obsolete/CinemachineVirtualCameraBaseEditor.cs' contains partial class of Unity.Object, exactly 1 of the partial classes needs to be in a file with the same filename. This is to know the one that can be referenced from ie. GameObjects
'Packages/com.unity.cinemachine/Editor/Editors/CinemachineVirtualCameraBaseEditor.cs' contains partial class of Unity.Object, exactly 1 of the partial classes needs to be in a file with the same filename. This is to know the one that can be referenced from ie. GameObjects
Refreshing native plugins compatible for Editor in 2.98 ms, found 4 plugins.
Unloading 23 Unused Serialized files (Serialized files now loaded: 0)
Unloading 6808 unused Assets / (6.0 MB). Loaded Objects now: 7764.
Memory consumption went from 345.3 MB to 339.3 MB.
Total: 16.467700 ms (FindLiveObjects: 0.901100 ms CreateObjectMapping: 3.170200 ms MarkObjects: 8.048000 ms  DeleteObjects: 4.346900 ms)

Prepare: number of updated asset objects reloaded= 0
========================================================================
Received Import Request.
  Time of request: 2026-07-10T14:58:51.0756587Z
  Time since last request: 192.39483290000001 seconds.
  importAddress: GUID: 658c09f9e1dc7ae4f90e57de0dd2fc9c - Path: Assets/Scripts/Spinner.cs - Importer: PreviewImporter
Importing 'GUID: 658c09f9e1dc7ae4f90e57de0dd2fc9c - Path: Assets/Scripts/Spinner.cs - Importer: PreviewImporter' with importer (PreviewImporter)
Imported 'GUID: 658c09f9e1dc7ae4f90e57de0dd2fc9c' -> (Import Result ID: '9954da7b786a2f067ccaa30ca18bf5f6') in 0.005 seconds [static and dynamic dependencies]. Details - ImportResultOutputID=8b2d535b7d2672dc99e4f122e7271f0b DependenciesID=9935ef664129862c23c0ff366fe16b6b StaticDependenciesID=71fc700f712885b25b4d032e5b5e7eb3 
Number of updated asset objects reloaded before import = 0
Number of asset objects unloaded after import = 0
========================================================================
Received Prepare
AcceleratorClientConnectionCallback - disconnected - :0
Assembly reference Packages/com.unity.cinemachine/Editor/Samples/ExposeHDRPInternals/HDRP-Editor-ref.asmref has no target assembly definition
Assembly reference Packages/com.unity.cinemachine/Editor/Samples/ExposeHDRPInternals/HDRP-Editor-ref.asmref has no target assembly definition
[Licensing::Client] Successfully resolved entitlement details
Begin MonoManager ReloadAssembly
Assembly reference Packages/com.unity.cinemachine/Editor/Samples/ExposeHDRPInternals/HDRP-Editor-ref.asmref has no target assembly definition
Assembly reference Packages/com.unity.cinemachine/Editor/Samples/ExposeHDRPInternals/HDRP-Editor-ref.asmref has no target assembly definition
'Packages/com.unity.cinemachine/Editor/Obsolete/CinemachineVirtualCameraBaseEditor.cs' contains partial class of Unity.Object, exactly 1 of the partial classes needs to be in a file with the same filename. This is to know the one that can be referenced from ie. GameObjects
'Packages/com.unity.cinemachine/Editor/Editors/CinemachineVirtualCameraBaseEditor.cs' contains partial class of Unity.Object, exactly 1 of the partial classes needs to be in a file with the same filename. This is to know the one that can be referenced from ie. GameObjects
Refreshing native plugins compatible for Editor in 3.53 ms, found 4 plugins.
Native extension for WindowsStandalone target not found
Native extension for WebGL target not found
[Package Manager] Failed to launch server process. Reason: Unity was launched with the -noUpm command-line argument
[Package Manager] Unable to send message (not connected to server process).
[Package Manager] Cannot connect to Unity Package Manager local server
[Package Manager] Failed to launch server process. Reason: Unity was launched with the -noUpm command-line argument
[Package Manager] Unable to send message (not connected to server process).
[Package Manager] Cannot connect to Unity Package Manager local server
[Package Manager] Failed to launch server process. Reason: Unity was launched with the -noUpm command-line argument
[Package Manager] Unable to send message (not connected to server process).
[Package Manager] Cannot connect to Unity Package Manager local server
ScheduleIndexationOnStartup MainProcess:False IndexOnStartup:True
Mono: successfully reloaded assembly
- Finished resetting the current domain, in  1.247 seconds
Domain Reload Profiling: 2710ms
	BeginReloadAssembly (323ms)
		DisableScriptedObjects (7ms)
		CreateAndSetChildDomain (67ms)
	RebuildCommonClasses (12ms)
	RebuildNativeTypeToScriptingClass (37ms)
	initialDomainReloadingComplete (126ms)
	LoadAllAssembliesAndSetupDomain (962ms)
		LoadAssemblies (589ms)
		AnalyzeDomain (318ms)
			TypeCache.Refresh (12ms)
			BuildScriptInfoCaches (294ms)
			ResolveRequiredComponents (10ms)
	FinalizeReload (1249ms)
		SetupLoadedEditorAssemblies (0ms)
			InitializePlatformSupportModulesInManaged (4ms)
			BeforeProcessingInitializeOnLoad (142ms)
			ProcessInitializeOnLoadAttributes (564ms)
			ProcessInitializeOnLoadMethodAttributes (171ms)
			AfterProcessingInitializeOnLoad (16ms)
		AwakeInstancesAfterBackupRestoration (35ms)
Refreshing native plugins compatible for Editor in 3.17 ms, found 4 plugins.
Unloading 23 Unused Serialized files (Serialized files now loaded: 0)
Unloading 6819 unused Assets / (7.5 MB). Loaded Objects now: 7767.
Memory consumption went from 338.9 MB to 331.4 MB.
Total: 17.987800 ms (FindLiveObjects: 1.022200 ms CreateObjectMapping: 3.501800 ms MarkObjects: 7.959600 ms  DeleteObjects: 5.502900 ms)

Prepare: number of updated asset objects reloaded= 0
========================================================================
Received Prepare
AcceleratorClientConnectionCallback - disconnected - :0
'Packages/com.unity.cinemachine/Editor/Obsolete/CinemachineVirtualCameraBaseEditor.cs' contains partial class of Unity.Object, exactly 1 of the partial classes needs to be in a file with the same filename. This is to know the one that can be referenced from ie. GameObjects
'Packages/com.unity.cinemachine/Editor/Editors/CinemachineVirtualCameraBaseEditor.cs' contains partial class of Unity.Object, exactly 1 of the partial classes needs to be in a file with the same filename. This is to know the one that can be referenced from ie. GameObjects
Refreshing native plugins compatible for Editor in 3.73 ms, found 4 plugins.
Unloading 23 Unused Serialized files (Serialized files now loaded: 0)
Unloading 6808 unused Assets / (5.3 MB). Loaded Objects now: 7767.
Memory consumption went from 341.2 MB to 335.9 MB.
Total: 15.420400 ms (FindLiveObjects: 0.870400 ms CreateObjectMapping: 2.999500 ms MarkObjects: 7.942400 ms  DeleteObjects: 3.607000 ms)

Prepare: number of updated asset objects reloaded= 0
========================================================================
Received Prepare
AcceleratorClientConnectionCallback - disconnected - :0
Assembly reference Packages/com.unity.cinemachine/Editor/Samples/ExposeHDRPInternals/HDRP-Editor-ref.asmref has no target assembly definition
Assembly reference Packages/com.unity.cinemachine/Editor/Samples/ExposeHDRPInternals/HDRP-Editor-ref.asmref has no target assembly definition
[Licensing::Client] Successfully resolved entitlement details
Begin MonoManager ReloadAssembly
Assembly reference Packages/com.unity.cinemachine/Editor/Samples/ExposeHDRPInternals/HDRP-Editor-ref.asmref has no target assembly definition
Assembly reference Packages/com.unity.cinemachine/Editor/Samples/ExposeHDRPInternals/HDRP-Editor-ref.asmref has no target assembly definition
'Packages/com.unity.cinemachine/Editor/Obsolete/CinemachineVirtualCameraBaseEditor.cs' contains partial class of Unity.Object, exactly 1 of the partial classes needs to be in a file with the same filename. This is to know the one that can be referenced from ie. GameObjects
'Packages/com.unity.cinemachine/Editor/Editors/CinemachineVirtualCameraBaseEditor.cs' contains partial class of Unity.Object, exactly 1 of the partial classes needs to be in a file with the same filename. This is to know the one that can be referenced from ie. GameObjects
Refreshing native plugins compatible for Editor in 2.92 ms, found 4 plugins.
Native extension for WindowsStandalone target not found
Native extension for WebGL target not found
[Package Manager] Failed to launch server process. Reason: Unity was launched with the -noUpm command-line argument
[Package Manager] Unable to send message (not connected to server process).
[Package Manager] Cannot connect to Unity Package Manager local server
[Package Manager] Failed to launch server process. Reason: Unity was launched with the -noUpm command-line argument
[Package Manager] Unable to send message (not connected to server process).
[Package Manager] Cannot connect to Unity Package Manager local server
[Package Manager] Failed to launch server process. Reason: Unity was launched with the -noUpm command-line argument
[Package Manager] Unable to send message (not connected to server process).
[Package Manager] Cannot connect to Unity Package Manager local server
ScheduleIndexationOnStartup MainProcess:False IndexOnStartup:True
Mono: successfully reloaded assembly
- Finished resetting the current domain, in  1.105 seconds
Domain Reload Profiling: 2554ms
	BeginReloadAssembly (350ms)
		DisableScriptedObjects (13ms)
		CreateAndSetChildDomain (73ms)
	RebuildCommonClasses (16ms)
	RebuildNativeTypeToScriptingClass (24ms)
	initialDomainReloadingComplete (116ms)
	LoadAllAssembliesAndSetupDomain (941ms)
		LoadAssemblies (596ms)
		AnalyzeDomain (318ms)
			TypeCache.Refresh (15ms)
			BuildScriptInfoCaches (291ms)
			ResolveRequiredComponents (11ms)
	FinalizeReload (1107ms)
		SetupLoadedEditorAssemblies (0ms)
			InitializePlatformSupportModulesInManaged (3ms)
			BeforeProcessingInitializeOnLoad (120ms)
			ProcessInitializeOnLoadAttributes (523ms)
			ProcessInitializeOnLoadMethodAttributes (132ms)
			AfterProcessingInitializeOnLoad (13ms)
		AwakeInstancesAfterBackupRestoration (27ms)
Refreshing native plugins compatible for Editor in 2.48 ms, found 4 plugins.
Unloading 23 Unused Serialized files (Serialized files now loaded: 0)
Unloading 6819 unused Assets / (5.9 MB). Loaded Objects now: 7770.
Memory consumption went from 343.2 MB to 337.4 MB.
Total: 14.786500 ms (FindLiveObjects: 0.837700 ms CreateObjectMapping: 3.003600 ms MarkObjects: 7.683800 ms  DeleteObjects: 3.260400 ms)

Prepare: number of updated asset objects reloaded= 0
========================================================================
Received Prepare
AcceleratorClientConnectionCallback - disconnected - :0
Refreshing native plugins compatible for Editor in 2.94 ms, found 4 plugins.
Unloading 23 Unused Serialized files (Serialized files now loaded: 0)
Unloading 23 unused Assets / (2.7 MB). Loaded Objects now: 7770.
Memory consumption went from 340.5 MB to 337.8 MB.
Total: 9.681700 ms (FindLiveObjects: 0.624800 ms CreateObjectMapping: 1.113300 ms MarkObjects: 7.498000 ms  DeleteObjects: 0.444700 ms)

Prepare: number of updated asset objects reloaded= 0
Editor requested this worker to shutdown with reason: Editor is closing down
AcceleratorClientConnectionCallback - disconnected - :0
AssetImportWorker is now disconnected from the server
Process exiting
Exiting without the bug reporter. Application will terminate with return code 0