Built from '6000.5/staging' branch; Version is '6000.5.2f1 (eb73d3b415a1) revision 15430611'; Using compiler version '194234433'; Build Type 'Release'
[Licensing::Module] Trying to connect to existing licensing client channel...
OS: 'Windows 10  (10.0.19045) 64bit Professional' Language: 'pt' Physical Memory: 8144 MB
[Licensing::IpcConnector] Successfully connected to: "LicenseClient-guilh" at "2026-07-10T12:53:36.2982016Z"
BatchMode: 0, IsHumanControllingUs: 1, StartBugReporterOnCrash: 1, Is64bit: 1
System  architecture: x64
Process architecture: x64
Date: 2026-07-10T12:53:36Z

COMMAND LINE ARGUMENTS:
C:\Program Files\Unity\Hub\Editor\6000.5.2f1\Editor\Unity.exe
-projectpath
C:\Projetos Unity\Obstacle Dodge
-acceptSoftwareTermsForThisRunOnly
-useHub
-hubIPC
-cloudEnvironment
production
-licensingIpc
LicenseClient-guilh
-hubSessionId
e85a04c9-59c2-4374-a084-9ab87b05b9ec
-accessToken
P_Yf49DalaWF9n8a15d_zlFqe6S6IpzXn5avJXv_YCc004f
Successfully changed project path to: C:\Projetos Unity\Obstacle Dodge
C:/Projetos Unity/Obstacle Dodge
[UnityMemory] Configuration Parameters - Can be set up in boot.config
    "memorysetup-temp-allocator-size-gi-baking-worker=262144"
    "memorysetup-temp-allocator-size-gi-baking-worker=262144"
    "memorysetup-temp-allocator-size-gi-baking-worker=262144"
    "memorysetup-temp-allocator-size-gi-baking-worker=262144"
    "memorysetup-temp-allocator-size-gi-baking-worker=262144"
    "memorysetup-temp-allocator-size-nav-mesh-worker=65536"
    "memorysetup-temp-allocator-size-audio-worker=65536"
    "memorysetup-temp-allocator-size-cloud-worker=32768"
    "memorysetup-temp-allocator-size-gfx=262144"
    "memorysetup-temp-allocator-size-preload-manager=33554432"
    "memorysetup-allocator-temp-initial-block-size-main=262144"
    "memorysetup-allocator-temp-initial-block-size-worker=262144"
    "memorysetup-temp-allocator-size-job-worker=262144"
    "memorysetup-temp-allocator-size-background-worker=32768"
    "memorysetup-bucket-allocator-granularity=16"
    "memorysetup-bucket-allocator-bucket-count=8"
    "memorysetup-bucket-allocator-block-size=33554432"
    "memorysetup-bucket-allocator-block-count=8"
    "memorysetup-main-allocator-block-size=16777216"
    "memorysetup-thread-allocator-block-size=16777216"
    "memorysetup-main-allocator-mimalloc-enabled=0"
    "memorysetup-gfx-main-allocator-block-size=16777216"
    "memorysetup-gfx-thread-allocator-block-size=16777216"
    "memorysetup-cache-allocator-block-size=4194304"
    "memorysetup-typetree-allocator-block-size=2097152"
    "memorysetup-profiler-bucket-allocator-granularity=16"
    "memorysetup-profiler-bucket-allocator-bucket-count=8"
    "memorysetup-profiler-bucket-allocator-block-size=33554432"
    "memorysetup-profiler-bucket-allocator-block-count=8"
    "memorysetup-profiler-allocator-block-size=16777216"
    "memorysetup-profiler-editor-allocator-block-size=1048576"
    "memorysetup-temp-allocator-size-main=16777216"
    "memorysetup-job-temp-allocator-block-size=2097152"
    "memorysetup-job-temp-allocator-block-size-background=1048576"
    "memorysetup-job-temp-allocator-reduction-small-platforms=262144"
Player connection [13756]  Target information:

Player connection [13756]  * "[IP] 192.168.0.4 [Port] 55504 [Flags] 2 [Guid] 2091161637 [EditorId] 2091161637 [Version] 1048832 [Id] WindowsEditor(7,DESKTOP-L62L49H) [Debug] 1 [PackageName] WindowsEditor [ProjectName] Editor" 

Player connection [13756] Host joined multi-casting on [225.0.0.222:54997]...
Player connection [13756] Host joined alternative multi-casting on [225.0.0.222:34997]...
Input System module state changed to: Initialized.
[Physics::Module] Initialized fallback backend.
[Physics::Module] Id: 0xdecafbad
[Package Manager] Connected to IPC stream "Upm-8564" after 0.5 seconds.
[Licensing::Module] Licensing is not yet initialized.
[Licensing::Client] Error: HandshakeResponse reported an error:
	ResponseCode: 505
	ResponseStatus: Unsupported protocol version '1.18.1'.
[Licensing::Module] Error: Failed to handshake to channel: "LicenseClient-guilh"
[Licensing::IpcConnector] LicenseClient-guilh channel disconnected successfully.
[Licensing::IpcConnector] Channel LicenseClient-guilh-6000.5.2 doesn't exist
[Licensing::Module] Successfully launched the LicensingClient (PId: 4600)
Starting IPC server.
Waiting for clients to connect on \\.\pipe\Unity-LicenseClient-guilh-6000.5.2, press Ctrl-C to exit.
[Licensing::IpcConnector] Successfully connected to: "LicenseClient-guilh-6000.5.2" at "2026-07-10T12:53:38.3834398Z"
[Licensing::Client] Code 10 while verifying Licensing Client signature (process Id: 4600, path: "C:/Program Files/Unity/Hub/Editor/6000.5.2f1/Editor/Data/Resources/Licensing/Client/Unity.Licensing.Client.exe")
[Licensing::Module] LicensingClient has failed validation; ignoring
[Licensing::Client] Handshaking with LicensingClient:
  Version:                 1.18.1+9fbee8e
  Session Id:              4c871d0fd6a244ac9b1dfef505e95e3a
  Correlation Id:          2892c5c9d52a072980e8d6af91f02d02
  External correlation Id: 8349355642982273378
  Machine Id:              e3J6Y/ahlV2bW0bN5A/Pmvej0gQ=
[Licensing::Module] Successfully connected to LicensingClient on channel: "LicenseClient-guilh-6000.5.2" (connect: 0.37s, validation: 0.41s, handshake: 0.01s)
[Licensing::IpcConnector] Successfully connected to: "LicenseClient-guilh-6000.5.2-notifications" at "2026-07-10T12:53:38.8079809Z"
[Licensing::Module] Connected to LicensingClient (PId: 4600, launch time: 0.01, total connection time: 0.80s)
[Licensing::Client] Successfully updated the access token
[Licensing::Module] Successfully updated the access token P_Yf49Dala...
[Licensing::Client] Successfully resolved entitlement details
[Licensing::Module] License group:
  Id: 4674222064182-UnityPersXXXX
  Product: Unity Personal
  Type: Assigned
  Expiration: Unlimited
[Licensing::Client] Successfully updated license, isAsync: True, time: 0.02
[Licensing::Client] Successfully resolved entitlement details
[Licensing::Module] Licensing Background thread has ended after 2.62s
[Licensing::Module] Licensing is initialized (took 1.89s).
[Licensing::Client] Successfully resolved entitlement details
Library Redirect Path: Library/
[Physics::Module] Selected backend.
[Physics::Module] Name: PhysX
[Physics::Module] Id: 0xf2b8ea05
[Physics::Module] SDK Version: 4.1.2
[Physics::Module] Integration Version: 1.0.0
[Physics::Module] Threading Mode: Multi-Threaded
Initialize engine version: 6000.5.2f1 (eb73d3b415a1)
[Subsystems] Discovering subsystems at path C:/Program Files/Unity/Hub/Editor/6000.5.2f1/Editor/Data/Resources/UnitySubsystems
[Subsystems] Discovering subsystems at path C:/Projetos Unity/Obstacle Dodge/Assets
[D3D12 Device Filter] Vendor Name: NVIDIA
[D3D12 Device Filter] Device Name: NVIDIA GeForce GTX 1050
[D3D12 Device Filter] Driver Version: 32.0.15.8157
[D3D12 Device Filter] Feature Level: 12.1
[D3D12 Device Filter] Graphics Memory: 1962 MB
[D3D12 Device Filter] Processor Count: 4
[D3D12 Device Filter] Device Type: Discrete
[D3D12 Device Filter] D3D12 API denied by user filter: {"Processor Count Comparator": Less Than Or Equal To"Processor Count": "4", "Device Type:": Do Not Care}
GfxDevice: creating device client; kGfxThreadingModeThreaded
Direct3D:
    Version:  Direct3D 11.0 [level 11.1]
    Renderer: NVIDIA GeForce GTX 1050 (ID=0x1c81)
    Vendor:   NVIDIA
    VRAM:     1962 MB
    Driver:   32.0.15.8157
Initialize mono
Mono path[0] = 'C:/Program Files/Unity/Hub/Editor/6000.5.2f1/Editor/Data/Managed'
Mono path[1] = 'C:/Program Files/Unity/Hub/Editor/6000.5.2f1/Editor/Data/BCLExtensions/runtime/netstandard2.1'
Mono path[2] = 'C:/Program Files/Unity/Hub/Editor/6000.5.2f1/Editor/Data/MonoBleedingEdge/lib/mono/unityjit-win32'
Mono config path = 'C:/Program Files/Unity/Hub/Editor/6000.5.2f1/Editor/Data/MonoBleedingEdge/etc'
Using monoOptions --debugger-agent=transport=dt_socket,embedding=1,server=y,suspend=n,address=127.0.0.1:56564
CodeReloadManager initialized
ImportWorker Server TCP listen port: 0
AcceleratorClientConnectionCallback - disconnected - :0
Begin MonoManager ReloadAssembly
Registering precompiled unity dll's ...
Register platform support module: C:/Program Files/Unity/Hub/Editor/6000.5.2f1/Editor/Data/PlaybackEngines/WebGLSupport/UnityEditor.WebGL.Extensions.dll
Register platform support module: C:/Program Files/Unity/Hub/Editor/6000.5.2f1/Editor/Data/PlaybackEngines/WindowsStandaloneSupport/UnityEditor.WindowsStandalone.Extensions.dll
Registered in 0.003848 seconds.
Native extension for WindowsStandalone target not found
Native extension for WebGL target not found
Package Manager log level set to [2]
ScheduleIndexationOnStartup MainProcess:False IndexOnStartup:True
Mono: successfully reloaded assembly
- Finished resetting the current domain, in  0.545 seconds
Domain Reload Profiling: 1299ms
	BeginReloadAssembly (208ms)
		CreateAndSetChildDomain (13ms)
	RebuildCommonClasses (11ms)
	RebuildNativeTypeToScriptingClass (35ms)
	initialDomainReloadingComplete (94ms)
	LoadAllAssembliesAndSetupDomain (403ms)
		LoadAssemblies (190ms)
		AnalyzeDomain (297ms)
			TypeCache.Refresh (296ms)
				TypeCache.ScanAssembly (278ms)
	FinalizeReload (549ms)
		SetupLoadedEditorAssemblies (0ms)
			InitializePlatformSupportModulesInManaged (3ms)
			BeforeProcessingInitializeOnLoad (113ms)
			ProcessInitializeOnLoadAttributes (118ms)
			ProcessInitializeOnLoadMethodAttributes (213ms)
[Licensing::Client] Successfully resolved entitlement details
Application.AssetDatabase Initial Refresh Start
[Package Manager] Restoring resolved packages state from cache
[Licensing::Client] Successfully resolved entitlement details
[Package Manager] Registered 60 packages:
  Packages from [https://packages.unity.com]:
    com.unity.ai.navigation@2.0.13 (location: C:\Projetos Unity\Obstacle Dodge\Library\PackageCache\com.unity.ai.navigation@42d896194035)
    com.unity.cinemachine@3.1.7 (location: C:\Projetos Unity\Obstacle Dodge\Library\PackageCache\com.unity.cinemachine@f3f96bcb59af)
    com.unity.collab-proxy@2.12.4 (location: C:\Projetos Unity\Obstacle Dodge\Library\PackageCache\com.unity.collab-proxy@0b1559bcd34e)
    com.unity.ide.rider@3.0.38 (location: C:\Projetos Unity\Obstacle Dodge\Library\PackageCache\com.unity.ide.rider@1f60b3138684)
    com.unity.ide.visualstudio@2.0.26 (location: C:\Projetos Unity\Obstacle Dodge\Library\PackageCache\com.unity.ide.visualstudio@a99d56dec63f)
    com.unity.inputsystem@1.19.0 (location: C:\Projetos Unity\Obstacle Dodge\Library\PackageCache\com.unity.inputsystem@21a28c3a6c83)
    com.unity.timeline@1.8.12 (location: C:\Projetos Unity\Obstacle Dodge\Library\PackageCache\com.unity.timeline@8cd8509afae5)
    com.unity.visualscripting@1.9.11 (location: C:\Projetos Unity\Obstacle Dodge\Library\PackageCache\com.unity.visualscripting@8bed5ad90189)
    com.unity.splines@2.9.0 (location: C:\Projetos Unity\Obstacle Dodge\Library\PackageCache\com.unity.splines@e6e1d5900acc)
    com.unity.searcher@4.9.4 (location: C:\Projetos Unity\Obstacle Dodge\Library\PackageCache\com.unity.searcher@d45a78918735)
    com.unity.burst@1.8.29 (location: C:\Projetos Unity\Obstacle Dodge\Library\PackageCache\com.unity.burst@6bb9aca3ef38)
    com.unity.settings-manager@2.1.1 (location: C:\Projetos Unity\Obstacle Dodge\Library\PackageCache\com.unity.settings-manager@0b8638c5ce86)
    com.unity.nuget.mono-cecil@1.11.6 (location: C:\Projetos Unity\Obstacle Dodge\Library\PackageCache\com.unity.nuget.mono-cecil@ecb9724e46ff)
    com.unity.test-framework.performance@3.5.0 (location: C:\Projetos Unity\Obstacle Dodge\Library\PackageCache\com.unity.test-framework.performance@8b56083ec0f0)
  Built-in packages:
    com.unity.multiplayer.center@1.0.1 (location: C:\Projetos Unity\Obstacle Dodge\Library\PackageCache\com.unity.multiplayer.center@b860850997d0)
    com.unity.render-pipelines.universal@17.5.0 (location: C:\Projetos Unity\Obstacle Dodge\Library\PackageCache\com.unity.render-pipelines.universal@748d7458cc62)
    com.unity.test-framework@1.7.0 (location: C:\Projetos Unity\Obstacle Dodge\Library\PackageCache\com.unity.test-framework@1405238725ab)
    com.unity.ugui@2.5.0 (location: C:\Projetos Unity\Obstacle Dodge\Library\PackageCache\com.unity.ugui@3d1ea40b73ef)
    com.unity.modules.accessibility@1.0.0 (location: C:\Projetos Unity\Obstacle Dodge\Library\PackageCache\com.unity.modules.accessibility)
    com.unity.modules.adaptiveperformance@1.0.0 (location: C:\Projetos Unity\Obstacle Dodge\Library\PackageCache\com.unity.modules.adaptiveperformance)
    com.unity.modules.ai@1.0.0 (location: C:\Projetos Unity\Obstacle Dodge\Library\PackageCache\com.unity.modules.ai)
    com.unity.modules.androidjni@1.0.0 (location: C:\Projetos Unity\Obstacle Dodge\Library\PackageCache\com.unity.modules.androidjni)
    com.unity.modules.animation@1.0.0 (location: C:\Projetos Unity\Obstacle Dodge\Library\PackageCache\com.unity.modules.animation)
    com.unity.modules.assetbundle@1.0.0 (location: C:\Projetos Unity\Obstacle Dodge\Library\PackageCache\com.unity.modules.assetbundle)
    com.unity.modules.audio@1.0.0 (location: C:\Projetos Unity\Obstacle Dodge\Library\PackageCache\com.unity.modules.audio)
    com.unity.modules.cloth@1.0.0 (location: C:\Projetos Unity\Obstacle Dodge\Library\PackageCache\com.unity.modules.cloth)
    com.unity.modules.director@1.0.0 (location: C:\Projetos Unity\Obstacle Dodge\Library\PackageCache\com.unity.modules.director)
    com.unity.modules.imageconversion@1.0.0 (location: C:\Projetos Unity\Obstacle Dodge\Library\PackageCache\com.unity.modules.imageconversion)
    com.unity.modules.imgui@1.0.0 (location: C:\Projetos Unity\Obstacle Dodge\Library\PackageCache\com.unity.modules.imgui)
    com.unity.modules.jsonserialize@1.0.0 (location: C:\Projetos Unity\Obstacle Dodge\Library\PackageCache\com.unity.modules.jsonserialize)
    com.unity.modules.particlesystem@1.0.0 (location: C:\Projetos Unity\Obstacle Dodge\Library\PackageCache\com.unity.modules.particlesystem)
    com.unity.modules.physics@1.0.0 (location: C:\Projetos Unity\Obstacle Dodge\Library\PackageCache\com.unity.modules.physics)
    com.unity.modules.physics2d@1.0.0 (location: C:\Projetos Unity\Obstacle Dodge\Library\PackageCache\com.unity.modules.physics2d)
    com.unity.modules.physicscore2d@1.0.0 (location: C:\Projetos Unity\Obstacle Dodge\Library\PackageCache\com.unity.modules.physicscore2d)
    com.unity.modules.screencapture@1.0.0 (location: C:\Projetos Unity\Obstacle Dodge\Library\PackageCache\com.unity.modules.screencapture)
    com.unity.modules.terrain@1.0.0 (location: C:\Projetos Unity\Obstacle Dodge\Library\PackageCache\com.unity.modules.terrain)
    com.unity.modules.terrainphysics@1.0.0 (location: C:\Projetos Unity\Obstacle Dodge\Library\PackageCache\com.unity.modules.terrainphysics)
    com.unity.modules.tilemap@1.0.0 (location: C:\Projetos Unity\Obstacle Dodge\Library\PackageCache\com.unity.modules.tilemap)
    com.unity.modules.ui@1.0.0 (location: C:\Projetos Unity\Obstacle Dodge\Library\PackageCache\com.unity.modules.ui)
    com.unity.modules.uielements@1.0.0 (location: C:\Projetos Unity\Obstacle Dodge\Library\PackageCache\com.unity.modules.uielements)
    com.unity.modules.umbra@1.0.0 (location: C:\Projetos Unity\Obstacle Dodge\Library\PackageCache\com.unity.modules.umbra)
    com.unity.modules.unityanalytics@1.0.0 (location: C:\Projetos Unity\Obstacle Dodge\Library\PackageCache\com.unity.modules.unityanalytics)
    com.unity.modules.unitywebrequest@1.0.0 (location: C:\Projetos Unity\Obstacle Dodge\Library\PackageCache\com.unity.modules.unitywebrequest)
    com.unity.modules.unitywebrequestassetbundle@1.0.0 (location: C:\Projetos Unity\Obstacle Dodge\Library\PackageCache\com.unity.modules.unitywebrequestassetbundle)
    com.unity.modules.unitywebrequestaudio@1.0.0 (location: C:\Projetos Unity\Obstacle Dodge\Library\PackageCache\com.unity.modules.unitywebrequestaudio)
    com.unity.modules.unitywebrequesttexture@1.0.0 (location: C:\Projetos Unity\Obstacle Dodge\Library\PackageCache\com.unity.modules.unitywebrequesttexture)
    com.unity.modules.unitywebrequestwww@1.0.0 (location: C:\Projetos Unity\Obstacle Dodge\Library\PackageCache\com.unity.modules.unitywebrequestwww)
    com.unity.modules.vectorgraphics@1.0.0 (location: C:\Projetos Unity\Obstacle Dodge\Library\PackageCache\com.unity.modules.vectorgraphics)
    com.unity.modules.vehicles@1.0.0 (location: C:\Projetos Unity\Obstacle Dodge\Library\PackageCache\com.unity.modules.vehicles)
    com.unity.modules.video@1.0.0 (location: C:\Projetos Unity\Obstacle Dodge\Library\PackageCache\com.unity.modules.video)
    com.unity.modules.wind@1.0.0 (location: C:\Projetos Unity\Obstacle Dodge\Library\PackageCache\com.unity.modules.wind)
    com.unity.modules.xr@1.0.0 (location: C:\Projetos Unity\Obstacle Dodge\Library\PackageCache\com.unity.modules.xr)
    com.unity.modules.subsystems@1.0.0 (location: C:\Projetos Unity\Obstacle Dodge\Library\PackageCache\com.unity.modules.subsystems)
    com.unity.modules.hierarchycore@1.0.0 (location: C:\Projetos Unity\Obstacle Dodge\Library\PackageCache\com.unity.modules.hierarchycore)
    com.unity.ext.nunit@2.1.0 (location: C:\Projetos Unity\Obstacle Dodge\Library\PackageCache\com.unity.ext.nunit@44f7d31723bd)
    com.unity.render-pipelines.core@17.5.0 (location: C:\Projetos Unity\Obstacle Dodge\Library\PackageCache\com.unity.render-pipelines.core@9fe9377312a8)
    com.unity.shadergraph@17.5.0 (location: C:\Projetos Unity\Obstacle Dodge\Library\PackageCache\com.unity.shadergraph@2df19e8719bc)
    com.unity.render-pipelines.universal-config@17.5.0 (location: C:\Projetos Unity\Obstacle Dodge\Library\PackageCache\com.unity.render-pipelines.universal-config@fdda01c80fe3)
    com.unity.collections@6.5.0 (location: C:\Projetos Unity\Obstacle Dodge\Library\PackageCache\com.unity.collections@a43cabe808ca)
    com.unity.mathematics@1.4.0 (location: C:\Projetos Unity\Obstacle Dodge\Library\PackageCache\com.unity.mathematics@981956d94fb6)
[Subsystems] No new subsystems found in resolved package list.
[Package Manager] Done registering packages in 0.04 seconds
Assembly reference Packages/com.unity.cinemachine/Editor/Samples/ExposeHDRPInternals/HDRP-Editor-ref.asmref has no target assembly definition
Assembly reference Packages/com.unity.cinemachine/Editor/Samples/ExposeHDRPInternals/HDRP-Editor-ref.asmref has no target assembly definition
info: Microsoft.Hosting.Lifetime[14]
      Now listening on: http://localhost:80
info: Microsoft.Hosting.Lifetime[0]
      Application started. Press Ctrl+C to shut down.
info: Microsoft.Hosting.Lifetime[0]
      Hosting environment: Production
info: Microsoft.Hosting.Lifetime[0]
      Content root path: C:\Projetos Unity\Obstacle Dodge
info: Microsoft.AspNetCore.Hosting.Diagnostics[1]
      Request starting HTTP/2 POST http://ilpp/UnityILPP.PostProcessing/Ping - application/grpc -
info: Microsoft.AspNetCore.Routing.EndpointMiddleware[0]
      Executing endpoint 'gRPC - /UnityILPP.PostProcessing/Ping'
info: Microsoft.AspNetCore.Routing.EndpointMiddleware[1]
      Executed endpoint 'gRPC - /UnityILPP.PostProcessing/Ping'
info: Microsoft.AspNetCore.Hosting.Diagnostics[2]
      Request finished HTTP/2 POST http://ilpp/UnityILPP.PostProcessing/Ping - 200 - application/grpc 37.9648ms
Starting: C:\Program Files\Unity\Hub\Editor\6000.5.2f1\Editor\Data\Tools\BuildPipeline\bee_backend.exe --ipc --defer-dag-verification --dagfile="Library/Bee/1900b0aE.dag" --continue-on-failure --profile="Library/Bee/backend1.traceevents" ScriptAssemblies
WorkingDir: C:/Projetos Unity/Obstacle Dodge
info: Microsoft.AspNetCore.Hosting.Diagnostics[1]
      Request starting HTTP/2 POST http://ilpp/UnityILPP.PostProcessing/ConfigurePostProcessors - application/grpc -
info: Microsoft.AspNetCore.Routing.EndpointMiddleware[0]
      Executing endpoint 'gRPC - /UnityILPP.PostProcessing/ConfigurePostProcessors'
warn: Unity.ILPP.Runner.PostProcessingAssemblyLoadContext[0]
      Assembly system.runtime.interopservices.windowsruntime has duplicate hint path. Ignoring "C:\Program Files\Unity\Hub\Editor\6000.5.2f1\Editor\Data\UnityReferenceAssemblies\unity-4.8-api\Facades\System.Runtime.InteropServices.WindowsRuntime.dll" in favor of "C:\Program Files\Unity\Hub\Editor\6000.5.2f1\Editor\Data\NetStandard\Extensions\2.0.0\System.Runtime.InteropServices.WindowsRuntime.dll"
warn: Unity.ILPP.Runner.PostProcessingAssemblyLoadContext[0]
      Assembly system.componentmodel.composition has duplicate hint path. Ignoring "C:\Program Files\Unity\Hub\Editor\6000.5.2f1\Editor\Data\UnityReferenceAssemblies\unity-4.8-api\System.ComponentModel.Composition.dll" in favor of "C:\Program Files\Unity\Hub\Editor\6000.5.2f1\Editor\Data\NetStandard\compat\2.1.0\shims\netfx\System.ComponentModel.Composition.dll"
info: Unity.ILPP.Runner.PostProcessingAssemblyLoadContext[0]
      Resolved Unity.Burst.Cecil, Version=0.11.6.0, Culture=neutral, PublicKeyToken=50cebf1cceb9d05e with Library\PackageCache\com.unity.burst@6bb9aca3ef38\Unity.Burst.CodeGen\Unity.Burst.Cecil.dll
info: Unity.ILPP.Runner.PostProcessingAssemblyLoadContext[0]
      Resolved Mono.Cecil, Version=0.11.5.0, Culture=neutral, PublicKeyToken=50cebf1cceb9d05e with Library\PackageCache\com.unity.nuget.mono-cecil@ecb9724e46ff\Mono.Cecil.dll
info: Microsoft.AspNetCore.Routing.EndpointMiddleware[1]
      Executed endpoint 'gRPC - /UnityILPP.PostProcessing/ConfigurePostProcessors'
info: Microsoft.AspNetCore.Hosting.Diagnostics[2]
      Request finished HTTP/2 POST http://ilpp/UnityILPP.PostProcessing/ConfigurePostProcessors - 200 - application/grpc 144.0850ms
ExitCode: 0 Duration: 1s37ms
[762/970    0s] ILPP-Configuration Library/ilpp-configuration.nevergeneratedoutput
*** Tundra build success (0.98 seconds), 1 items updated, 970 evaluated
AssetDatabase: script compilation time: 1.592251s
Begin MonoManager ReloadAssembly
Assembly reference Packages/com.unity.cinemachine/Editor/Samples/ExposeHDRPInternals/HDRP-Editor-ref.asmref has no target assembly definition
'Packages/com.unity.cinemachine/Editor/Editors/CinemachineVirtualCameraBaseEditor.cs' contains partial class of Unity.Object, exactly 1 of the partial classes needs to be in a file with the same filename. This is to know the one that can be referenced from ie. GameObjects
'Packages/com.unity.cinemachine/Editor/Obsolete/CinemachineVirtualCameraBaseEditor.cs' contains partial class of Unity.Object, exactly 1 of the partial classes needs to be in a file with the same filename. This is to know the one that can be referenced from ie. GameObjects
Refreshing native plugins compatible for Editor in 3.19 ms, found 4 plugins.
Native extension for WindowsStandalone target not found
Native extension for WebGL target not found
Refreshing native plugins compatible for Editor in 4.53 ms, found 4 plugins.
ScheduleIndexationOnStartup MainProcess:True IndexOnStartup:True
Mono: successfully reloaded assembly
- Finished resetting the current domain, in  4.212 seconds
Domain Reload Profiling: 5724ms
	BeginReloadAssembly (491ms)
		DisableScriptedObjects (59ms)
		CreateAndSetChildDomain (198ms)
	RebuildCommonClasses (10ms)
	RebuildNativeTypeToScriptingClass (23ms)
	initialDomainReloadingComplete (95ms)
	LoadAllAssembliesAndSetupDomain (891ms)
		LoadAssemblies (540ms)
		AnalyzeDomain (323ms)
			TypeCache.Refresh (224ms)
				TypeCache.ScanAssembly (211ms)
			BuildScriptInfoCaches (86ms)
			ResolveRequiredComponents (10ms)
	FinalizeReload (4213ms)
		SetupLoadedEditorAssemblies (0ms)
			BeforeProcessingInitializeOnLoad (114ms)
			ProcessInitializeOnLoadAttributes (3303ms)
			ProcessInitializeOnLoadMethodAttributes (315ms)
			AfterProcessingInitializeOnLoad (16ms)
		AwakeInstancesAfterBackupRestoration (38ms)
Starting new worker id: 0 with log in C:/Projetos Unity/Obstacle Dodge/Logs/AssetImportWorkerHW0.log

Asset Pipeline Refresh (id=53b738798a221454db3ecfd38c0df207): Total: 8.489 seconds - Initiated by InitialRefreshV2(ForceSynchronousImport)
	(Values over 0.05ms)
	Summary:
		Imports: total=0 (actual=0, local cache=0, cache server=0)
		Asset DB Process Time: managed=0 ms, native=5070 ms
		Asset DB Callback time: managed=87 ms, native=41 ms
		Scripting: domain reloads=1, domain reload time=1601 ms, compile time=1595 ms, other=91 ms
		Project Asset Count: scripts=1375, non-scripts=2376
		Asset File Changes: new=0, changed=0, moved=0, deleted=0
		Scan Filter Count: 0
	InvokePackagesCallback: 44.991ms
	ApplyChangesToAssetFolders: 0.931ms
	Scan: 216.401ms
	Collect global state as custom dependencies: 10.202ms
	CategorizeScriptCompilationAssets: 105.056ms
	ProcessAssetsWithTransientArtifactChanges: 112.772ms
	CategorizeAssets: 65.897ms
	CompileScripts: 1594.817ms
	ImportOutOfDateAssets: 4319.524ms (4240.306ms without children)
		ReloadNativeAssets: 0.051ms
		UnloadImportedAssets: 1.411ms
		EnsureUptoDateAssetsAreRegisteredWithGuidPM: 1.115ms
		ImportSchedulerStart: 76.635ms
	PostProcessAllAssets: 88.059ms
		MonoPostProcessAllAssets: 87.994ms
			UniversalRenderPipelineGlobalSettingsPostprocessor.OnPostprocessAllAssets 34.741ms
			SyncVS.PostprocessSyncProject 19.506ms
			WindowAssetPostprocessingWatcher.OnPostprocessAllAssets 4.246ms
			SpeedTree9Postprocessor.OnPostprocessAllAssets 3.532ms
			RenderPipelineGlobalSettingsPostprocessor.OnPostprocessAllAssets 0.929ms
			CinemachineSettings.OnPostprocessAllAssets 0.841ms
			InputActionAssetPostprocessor.OnPostprocessAllAssets 0.673ms
			ReferencedClipsPostProcessor.OnPostprocessAllAssets 0.505ms
			ShaderReflectionAssetPostProcessor.OnPostprocessAllAssets 0.505ms
			TerrainToolbarOverlayPostProcessor.OnPostprocessAllAssets 0.446ms
			AssetDatabaseCallbacks.OnPostprocessAllAssets 0.425ms
			ProjectSettingsPostprocessor.OnPostprocessAllAssets 0.412ms
			DomainReloadProcessor.OnPostprocessAllAssets 0.400ms
	UnloadStreamsBegin: 4.866ms
	PersistCurrentRevisions: 0.136ms
	GenerateScriptTypeHashes: 1.851ms
	GenerateScriptTypeSerializationHashes: 3.332ms
	Untracked: 1916.458ms

Application.AssetDatabase Initial Refresh End
Launched and connected shader compiler UnityShaderCompiler.exe after 0.01 seconds
Scanning for USB devices : 1.457ms
Initializing Unity extensions:
[MODES] ModeService[none].Initialize
[MODES] ModeService[none].LoadModes
[MODES] Loading mode Default (0) for mode-current-id-Obstacle Dodge
Unloading 26 Unused Serialized files (Serialized files now loaded: 0)
Unloading 6832 unused Assets / (7.5 MB). Loaded Objects now: 7741.
Memory consumption went from 422.3 MB to 414.8 MB.
Total: 47.703800 ms (FindLiveObjects: 1.030800 ms CreateObjectMapping: 4.369000 ms MarkObjects: 13.018300 ms  DeleteObjects: 29.276700 ms)

[LAYOUT] About to load UserSettings\Layouts\default-6000.dwlt, keepMainWindow=False
[LAYOUT] About to save layout C:\Projetos Unity\Obstacle Dodge\UserSettings\Layouts\default-6000.dwlt
[LAYOUT] About to save layout C:/Users/guilh/AppData/Roaming/Unity/Editor-5.x/Preferences\Layouts\current\default-6000.dwlt
[MODES] ModeService[default].InitializeCurrentMode
[MODES] ModeService[default].RaiseModeChanged(default, default)
This project uses Input Manager, which is marked for deprecation. To manage input in your project, use the <a href="https://docs.unity3d.com/Packages/com.unity.inputsystem@latest">Input System package</a> instead.
<RI> Initializing input.
<RI> Input initialized.
[Project] Loading completed in 16.826 seconds
	Project init time: 				14.313 seconds
		Template init time: 		0.000 seconds
		Package Manager init time: 		2.385 seconds
		Asset Database init time: 		0.330 seconds
		Global illumination init time: 	0.003 seconds
		Assemblies load time: 			1.376 seconds
		Unity extensions init time: 	0.082 seconds
		Asset Database refresh time: 	8.489 seconds
	Scene opening time: 			2.251 seconds
##utp:{"type":"ProjectInfo","version":2,"phase":"Immediate","time":1783688033096,"processId":8564,"projectLoad":16.8256173,"projectInit":14.3134227,"templateInit":0.0,"packageManagerInit":2.3854817,"assetDatabaseInit":0.3300886,"globalIlluminationInit":0.0028655,"assembliesLoad":1.3757315,"unityExtensionsInit":0.081544,"assetDatabaseRefresh":8.4893456,"sceneOpening":2.2510719}
##utp:{"type":"EditorInfo","version":2,"phase":"Immediate","time":1783688033096,"processId":8564,"editorVersion":"6000.5.2f1 (eb73d3b415a1)","branch":"6000.5/staging","buildType":"Release","platform":"Windows"}
GPU Resident Drawer created.
Worker ready: AssetImportWorkerHW0 0

Asset Pipeline Refresh (id=ff93bef3558cd4848a1e5040ada1a095): Total: 1.212 seconds - Initiated by RefreshV2(AllowForceSynchronousImport)
	(Values over 0.05ms)
	Summary:
		Imports: total=0 (actual=0, local cache=0, cache server=0)
		Asset DB Process Time: managed=0 ms, native=1210 ms
		Asset DB Callback time: managed=0 ms, native=0 ms
		Scripting: domain reloads=0, domain reload time=0 ms, compile time=0 ms, other=0 ms
		Project Asset Count: scripts=1375, non-scripts=2376
		Asset File Changes: new=0, changed=0, moved=0, deleted=0
		Scan Filter Count: 0
	InvokePackagesCallback: 2.112ms
	ApplyChangesToAssetFolders: 0.254ms
	Collect global state as custom dependencies: 0.153ms
	ProcessAssetsWithTransientArtifactChanges: 0.404ms
	CategorizeAssets: 49.070ms
	ImportOutOfDateAssets: 50.039ms (13.468ms without children)
		UnloadImportedAssets: 0.221ms
		EnsureUptoDateAssetsAreRegisteredWithGuidPM: 0.767ms
		ImportSchedulerStart: 35.533ms
	GatherAllCurrentPrimaryImportResultRevisions: 0.219ms
	UnloadStreamsBegin: 2.681ms
	PersistCurrentRevisions: 0.133ms
	Untracked: 187.306ms

Created GICache directory at C:/Users/guilh/AppData/LocalLow/Unity/Caches/GiCache. Took: 0.030s, timestamps: [21.041 - 21.070]
[Licensing::Client] Successfully resolved entitlement details
[Licensing::Client] Successfully resolved entitlement details
[Licensing::Client] Successfully updated the access token
[Licensing::Module] Successfully updated access token: "P_Yf49Da"... (expires: 2026-07-10T13:27:43Z)
[Licensing::Client] Successfully resolved entitlement details
[Licensing::Client] Successfully resolved entitlement details
Asset Pipeline Refresh (id=e5d6bcffc8d38ae48982979fdbaa9e6a): Total: 0.005 seconds - Initiated by RefreshV2(AllowForceSynchronousImport)
Start Indexing on Editor startup
[Indexing] Starting Initial Indexing for Assets
[Worker0] Imported GUID: 54cc65ad0701f584a80e5768c8a542e9 - Path: Assets/_Recovery/0.unity - Importer: PreviewImporter -> (ImportResultId: '47f3bdaaf95653e80a06c83de3e79cd9') in 0.1828047 seconds
Opening scene 'Assets/_Recovery/0.unity'
Unloading 10 Unused Serialized files (Serialized files now loaded: 0)
Loaded scene 'Assets/_Recovery/0.unity'
	Deserialize:            119.909 ms
	Integration:            375.473 ms
	Integration of assets:  0.181 ms
	Thread Wait Time:       -0.099 ms
	Total Operation Time:   495.464 ms
Unloading 73 unused Assets / (17.2 MB). Loaded Objects now: 8933.
Memory consumption went from 0.62 GB to 0.61 GB.
Total: 48.717500 ms (FindLiveObjects: 0.887900 ms CreateObjectMapping: 1.711600 ms MarkObjects: 40.466600 ms  DeleteObjects: 5.649300 ms)

[Worker0] Imported GUID: 921202dd780f6264c88e2bed3b8749a1 - Path: Assets/_Recovery/0 (1).unity - Importer: PreviewImporter -> (ImportResultId: 'f539e13ecb74ef777129c6d72c48ae43') in 0.0292963 seconds
Opening scene 'Assets/_Recovery/0 (1).unity'
Unloading 12 Unused Serialized files (Serialized files now loaded: 0)
Loaded scene 'Assets/_Recovery/0 (1).unity'
	Deserialize:            19.123 ms
	Integration:            225.224 ms
	Integration of assets:  0.028 ms
	Thread Wait Time:       0.027 ms
	Total Operation Time:   244.402 ms
Unloading 13 unused Assets / (74.3 KB). Loaded Objects now: 8879.
Memory consumption went from 0.59 GB to 0.59 GB.
Total: 25.873800 ms (FindLiveObjects: 0.829500 ms CreateObjectMapping: 1.431000 ms MarkObjects: 23.503600 ms  DeleteObjects: 0.108300 ms)

Opening scene 'Assets/_Recovery/0.unity'
Unloading 2 Unused Serialized files (Serialized files now loaded: 0)
Loaded scene 'Assets/_Recovery/0.unity'
	Deserialize:            1.896 ms
	Integration:            221.828 ms
	Integration of assets:  0.002 ms
	Thread Wait Time:       0.036 ms
	Total Operation Time:   223.763 ms
Unloading 2 unused Assets / (40.2 KB). Loaded Objects now: 8963.
Memory consumption went from 0.58 GB to 0.58 GB.
Total: 23.948500 ms (FindLiveObjects: 0.863300 ms CreateObjectMapping: 1.479800 ms MarkObjects: 21.537400 ms  DeleteObjects: 0.067000 ms)

TrimDiskCacheJob: Current cache size 0mb
Asset Pipeline Refresh (id=c5be1c91005e52943811b5178b0be640): Total: 0.049 seconds - Initiated by RefreshV2(AllowForceSynchronousImport)
[Worker0] Imported GUID: ebfded42e124f4348a090cd736714bac - Path: Assets/Scripts/ObjectHit.cs - Importer: PreviewImporter -> (ImportResultId: '7dc3cb36720eb94e588edf0168f2337a') in 0.0183578 seconds
Entering Playmode with Reload Domain disabled.
If you experience any issues, please disable "Enter Play Mode Options" in Editor Settings
Entering Playmode with Reload Scene disabled. If you experience any issues, please disable "Enter Play Mode Options" in Editor Settings
Welcome to the Game!
UnityEngine.Debug:ExtractStackTraceNoAlloc (byte*,int,string)
UnityEngine.StackTraceUtility:ExtractStackTrace ()
UnityEngine.DebugLogHandler:Internal_Log (UnityEngine.LogType,UnityEngine.LogOption,string,UnityEngine.Object)
UnityEngine.DebugLogHandler:LogFormat (UnityEngine.LogType,UnityEngine.Object,string,object[])
UnityEngine.Logger:Log (UnityEngine.LogType,object)
UnityEngine.Debug:Log (object)
mover:PrintInstructions () (at Assets/Scripts/mover.cs:19)
mover:Start () (at Assets/Scripts/mover.cs:9)

(Filename: Assets/Scripts/mover.cs Line: 19)

Use Arrow Keys or WASD to Move
UnityEngine.Debug:ExtractStackTraceNoAlloc (byte*,int,string)
UnityEngine.StackTraceUtility:ExtractStackTrace ()
UnityEngine.DebugLogHandler:Internal_Log (UnityEngine.LogType,UnityEngine.LogOption,string,UnityEngine.Object)
UnityEngine.DebugLogHandler:LogFormat (UnityEngine.LogType,UnityEngine.Object,string,object[])
UnityEngine.Logger:Log (UnityEngine.LogType,object)
UnityEngine.Debug:Log (object)
mover:PrintInstructions () (at Assets/Scripts/mover.cs:20)
mover:Start () (at Assets/Scripts/mover.cs:9)

(Filename: Assets/Scripts/mover.cs Line: 20)

Dodge the Obstacles
UnityEngine.Debug:ExtractStackTraceNoAlloc (byte*,int,string)
UnityEngine.StackTraceUtility:ExtractStackTrace ()
UnityEngine.DebugLogHandler:Internal_Log (UnityEngine.LogType,UnityEngine.LogOption,string,UnityEngine.Object)
UnityEngine.DebugLogHandler:LogFormat (UnityEngine.LogType,UnityEngine.Object,string,object[])
UnityEngine.Logger:Log (UnityEngine.LogType,object)
UnityEngine.Debug:Log (object)
mover:PrintInstructions () (at Assets/Scripts/mover.cs:21)
mover:Start () (at Assets/Scripts/mover.cs:9)

(Filename: Assets/Scripts/mover.cs Line: 21)

GPU Resident Drawer disposed.
GPU Resident Drawer created.
You've bumped into a thing this many times: 1
UnityEngine.Debug:ExtractStackTraceNoAlloc (byte*,int,string)
UnityEngine.StackTraceUtility:ExtractStackTrace ()
UnityEngine.DebugLogHandler:Internal_Log (UnityEngine.LogType,UnityEngine.LogOption,string,UnityEngine.Object)
UnityEngine.DebugLogHandler:LogFormat (UnityEngine.LogType,UnityEngine.Object,string,object[])
UnityEngine.Logger:Log (UnityEngine.LogType,object)
UnityEngine.Debug:Log (object)
Scorer:OnCollisionEnter (UnityEngine.Collision) (at Assets/Scripts/Scorer.cs:10)
UnityEngine.Physics:SendOnCollisionEnter (UnityEngine.Component,UnityEngine.Collision)
UnityEngine.Physics:ReportContacts (Unity.Collections.NativeArray`1/ReadOnly<UnityEngine.ContactPairHeader>)
UnityEngine.Physics:OnSceneContact (UnityEngine.PhysicsScene,intptr,int)

(Filename: Assets/Scripts/Scorer.cs Line: 10)

You've bumped into a thing this many times: 2
UnityEngine.Debug:ExtractStackTraceNoAlloc (byte*,int,string)
UnityEngine.StackTraceUtility:ExtractStackTrace ()
UnityEngine.DebugLogHandler:Internal_Log (UnityEngine.LogType,UnityEngine.LogOption,string,UnityEngine.Object)
UnityEngine.DebugLogHandler:LogFormat (UnityEngine.LogType,UnityEngine.Object,string,object[])
UnityEngine.Logger:Log (UnityEngine.LogType,object)
UnityEngine.Debug:Log (object)
Scorer:OnCollisionEnter (UnityEngine.Collision) (at Assets/Scripts/Scorer.cs:10)
UnityEngine.Physics:SendOnCollisionEnter (UnityEngine.Component,UnityEngine.Collision)
UnityEngine.Physics:ReportContacts (Unity.Collections.NativeArray`1/ReadOnly<UnityEngine.ContactPairHeader>)
UnityEngine.Physics:OnSceneContact (UnityEngine.PhysicsScene,intptr,int)

(Filename: Assets/Scripts/Scorer.cs Line: 10)

You've bumped into a thing this many times: 3
UnityEngine.Debug:ExtractStackTraceNoAlloc (byte*,int,string)
UnityEngine.StackTraceUtility:ExtractStackTrace ()
UnityEngine.DebugLogHandler:Internal_Log (UnityEngine.LogType,UnityEngine.LogOption,string,UnityEngine.Object)
UnityEngine.DebugLogHandler:LogFormat (UnityEngine.LogType,UnityEngine.Object,string,object[])
UnityEngine.Logger:Log (UnityEngine.LogType,object)
UnityEngine.Debug:Log (object)
Scorer:OnCollisionEnter (UnityEngine.Collision) (at Assets/Scripts/Scorer.cs:10)
UnityEngine.Physics:SendOnCollisionEnter (UnityEngine.Component,UnityEngine.Collision)
UnityEngine.Physics:ReportContacts (Unity.Collections.NativeArray`1/ReadOnly<UnityEngine.ContactPairHeader>)
UnityEngine.Physics:OnSceneContact (UnityEngine.PhysicsScene,intptr,int)

(Filename: Assets/Scripts/Scorer.cs Line: 10)

You've bumped into a thing this many times: 4
UnityEngine.Debug:ExtractStackTraceNoAlloc (byte*,int,string)
UnityEngine.StackTraceUtility:ExtractStackTrace ()
UnityEngine.DebugLogHandler:Internal_Log (UnityEngine.LogType,UnityEngine.LogOption,string,UnityEngine.Object)
UnityEngine.DebugLogHandler:LogFormat (UnityEngine.LogType,UnityEngine.Object,string,object[])
UnityEngine.Logger:Log (UnityEngine.LogType,object)
UnityEngine.Debug:Log (object)
Scorer:OnCollisionEnter (UnityEngine.Collision) (at Assets/Scripts/Scorer.cs:10)
UnityEngine.Physics:SendOnCollisionEnter (UnityEngine.Component,UnityEngine.Collision)
UnityEngine.Physics:ReportContacts (Unity.Collections.NativeArray`1/ReadOnly<UnityEngine.ContactPairHeader>)
UnityEngine.Physics:OnSceneContact (UnityEngine.PhysicsScene,intptr,int)

(Filename: Assets/Scripts/Scorer.cs Line: 10)

You've bumped into a thing this many times: 5
UnityEngine.Debug:ExtractStackTraceNoAlloc (byte*,int,string)
UnityEngine.StackTraceUtility:ExtractStackTrace ()
UnityEngine.DebugLogHandler:Internal_Log (UnityEngine.LogType,UnityEngine.LogOption,string,UnityEngine.Object)
UnityEngine.DebugLogHandler:LogFormat (UnityEngine.LogType,UnityEngine.Object,string,object[])
UnityEngine.Logger:Log (UnityEngine.LogType,object)
UnityEngine.Debug:Log (object)
Scorer:OnCollisionEnter (UnityEngine.Collision) (at Assets/Scripts/Scorer.cs:10)
UnityEngine.Physics:SendOnCollisionEnter (UnityEngine.Component,UnityEngine.Collision)
UnityEngine.Physics:ReportContacts (Unity.Collections.NativeArray`1/ReadOnly<UnityEngine.ContactPairHeader>)
UnityEngine.Physics:OnSceneContact (UnityEngine.PhysicsScene,intptr,int)

(Filename: Assets/Scripts/Scorer.cs Line: 10)

You've bumped into a thing this many times: 6
UnityEngine.Debug:ExtractStackTraceNoAlloc (byte*,int,string)
UnityEngine.StackTraceUtility:ExtractStackTrace ()
UnityEngine.DebugLogHandler:Internal_Log (UnityEngine.LogType,UnityEngine.LogOption,string,UnityEngine.Object)
UnityEngine.DebugLogHandler:LogFormat (UnityEngine.LogType,UnityEngine.Object,string,object[])
UnityEngine.Logger:Log (UnityEngine.LogType,object)
UnityEngine.Debug:Log (object)
Scorer:OnCollisionEnter (UnityEngine.Collision) (at Assets/Scripts/Scorer.cs:10)
UnityEngine.Physics:SendOnCollisionEnter (UnityEngine.Component,UnityEngine.Collision)
UnityEngine.Physics:ReportContacts (Unity.Collections.NativeArray`1/ReadOnly<UnityEngine.ContactPairHeader>)
UnityEngine.Physics:OnSceneContact (UnityEngine.PhysicsScene,intptr,int)

(Filename: Assets/Scripts/Scorer.cs Line: 10)

Tag: Hit is not defined.
UnityEngine.Debug:ExtractStackTraceNoAlloc (byte*,int,string)
UnityEngine.StackTraceUtility:ExtractStackTrace ()
UnityEngine.GameObject:set_tag (string)
ObjectHit:OnCollisionEnter (UnityEngine.Collision) (at Assets/Scripts/ObjectHit.cs:10)
UnityEngine.Physics:SendOnCollisionEnter (UnityEngine.Component,UnityEngine.Collision)
UnityEngine.Physics:ReportContacts (Unity.Collections.NativeArray`1/ReadOnly<UnityEngine.ContactPairHeader>)
UnityEngine.Physics:OnSceneContact (UnityEngine.PhysicsScene,intptr,int)

[Assets/Scripts/ObjectHit.cs line 10]

You've bumped into a thing this many times: 7
UnityEngine.Debug:ExtractStackTraceNoAlloc (byte*,int,string)
UnityEngine.StackTraceUtility:ExtractStackTrace ()
UnityEngine.DebugLogHandler:Internal_Log (UnityEngine.LogType,UnityEngine.LogOption,string,UnityEngine.Object)
UnityEngine.DebugLogHandler:LogFormat (UnityEngine.LogType,UnityEngine.Object,string,object[])
UnityEngine.Logger:Log (UnityEngine.LogType,object)
UnityEngine.Debug:Log (object)
Scorer:OnCollisionEnter (UnityEngine.Collision) (at Assets/Scripts/Scorer.cs:10)
UnityEngine.Physics:SendOnCollisionEnter (UnityEngine.Component,UnityEngine.Collision)
UnityEngine.Physics:ReportContacts (Unity.Collections.NativeArray`1/ReadOnly<UnityEngine.ContactPairHeader>)
UnityEngine.Physics:OnSceneContact (UnityEngine.PhysicsScene,intptr,int)

(Filename: Assets/Scripts/Scorer.cs Line: 10)

Tag: Hit is not defined.
UnityEngine.Debug:ExtractStackTraceNoAlloc (byte*,int,string)
UnityEngine.StackTraceUtility:ExtractStackTrace ()
UnityEngine.GameObject:set_tag (string)
ObjectHit:OnCollisionEnter (UnityEngine.Collision) (at Assets/Scripts/ObjectHit.cs:10)
UnityEngine.Physics:SendOnCollisionEnter (UnityEngine.Component,UnityEngine.Collision)
UnityEngine.Physics:ReportContacts (Unity.Collections.NativeArray`1/ReadOnly<UnityEngine.ContactPairHeader>)
UnityEngine.Physics:OnSceneContact (UnityEngine.PhysicsScene,intptr,int)

[Assets/Scripts/ObjectHit.cs line 10]

You've bumped into a thing this many times: 8
UnityEngine.Debug:ExtractStackTraceNoAlloc (byte*,int,string)
UnityEngine.StackTraceUtility:ExtractStackTrace ()
UnityEngine.DebugLogHandler:Internal_Log (UnityEngine.LogType,UnityEngine.LogOption,string,UnityEngine.Object)
UnityEngine.DebugLogHandler:LogFormat (UnityEngine.LogType,UnityEngine.Object,string,object[])
UnityEngine.Logger:Log (UnityEngine.LogType,object)
UnityEngine.Debug:Log (object)
Scorer:OnCollisionEnter (UnityEngine.Collision) (at Assets/Scripts/Scorer.cs:10)
UnityEngine.Physics:SendOnCollisionEnter (UnityEngine.Component,UnityEngine.Collision)
UnityEngine.Physics:ReportContacts (Unity.Collections.NativeArray`1/ReadOnly<UnityEngine.ContactPairHeader>)
UnityEngine.Physics:OnSceneContact (UnityEngine.PhysicsScene,intptr,int)

(Filename: Assets/Scripts/Scorer.cs Line: 10)

Tag: Hit is not defined.
UnityEngine.Debug:ExtractStackTraceNoAlloc (byte*,int,string)
UnityEngine.StackTraceUtility:ExtractStackTrace ()
UnityEngine.GameObject:set_tag (string)
ObjectHit:OnCollisionEnter (UnityEngine.Collision) (at Assets/Scripts/ObjectHit.cs:10)
UnityEngine.Physics:SendOnCollisionEnter (UnityEngine.Component,UnityEngine.Collision)
UnityEngine.Physics:ReportContacts (Unity.Collections.NativeArray`1/ReadOnly<UnityEngine.ContactPairHeader>)
UnityEngine.Physics:OnSceneContact (UnityEngine.PhysicsScene,intptr,int)

[Assets/Scripts/ObjectHit.cs line 10]

You've bumped into a thing this many times: 9
UnityEngine.Debug:ExtractStackTraceNoAlloc (byte*,int,string)
UnityEngine.StackTraceUtility:ExtractStackTrace ()
UnityEngine.DebugLogHandler:Internal_Log (UnityEngine.LogType,UnityEngine.LogOption,string,UnityEngine.Object)
UnityEngine.DebugLogHandler:LogFormat (UnityEngine.LogType,UnityEngine.Object,string,object[])
UnityEngine.Logger:Log (UnityEngine.LogType,object)
UnityEngine.Debug:Log (object)
Scorer:OnCollisionEnter (UnityEngine.Collision) (at Assets/Scripts/Scorer.cs:10)
UnityEngine.Physics:SendOnCollisionEnter (UnityEngine.Component,UnityEngine.Collision)
UnityEngine.Physics:ReportContacts (Unity.Collections.NativeArray`1/ReadOnly<UnityEngine.ContactPairHeader>)
UnityEngine.Physics:OnSceneContact (UnityEngine.PhysicsScene,intptr,int)

(Filename: Assets/Scripts/Scorer.cs Line: 10)

Unloading 13 Unused Serialized files (Serialized files now loaded: 0)
Loaded scene 'Temp/__Backupscenes/0.backup'
	Deserialize:            12.160 ms
	Integration:            255.133 ms
	Integration of assets:  0.015 ms
	Thread Wait Time:       0.034 ms
	Total Operation Time:   267.341 ms
Unloading 28 unused Assets / (391.7 KB). Loaded Objects now: 8936.
Memory consumption went from 0.63 GB to 0.63 GB.
Total: 27.297100 ms (FindLiveObjects: 0.739600 ms CreateObjectMapping: 1.311700 ms MarkObjects: 25.010400 ms  DeleteObjects: 0.234400 ms)

[Licensing::Client] Successfully resolved entitlement details
GPU Resident Drawer disposed.
GPU Resident Drawer created.
AcceleratorClientConnectionCallback - disconnected - :0
Importing 'GUID: 00000000000000003000000000000000 - Path: ProjectSettings/TagManager.asset' with importer (LibraryAssetImporter)
Imported 'GUID: 00000000000000003000000000000000' -> (Import Result ID: '2b4c16182553a2dd5b3671a5d3600dd7') in 0.004 seconds [static dependencies only]. Details - ImportResultOutputID=fd6696bcbef029973bb12ace65e33982 DependenciesID=ba1ddbf96974b8c375b19062d21c47b2 StaticDependenciesID=054038756354a21d74ecf9368fcc78bf 
Importing 'GUID: 5e6cbd92db86f4b18aec3ed561671858 - Path: Assets/Settings/Mobile_RPAsset.asset' with importer (NativeFormatImporter)
Imported 'GUID: 5e6cbd92db86f4b18aec3ed561671858' -> (Import Result ID: '895e191232b2a897e3107ade246c536c') in 0.016 seconds [static dependencies only]. Details - ImportResultOutputID=2fd546fea11aaec3792122ee7484807b DependenciesID=fb86ded2e02c62b1376768416e811488 StaticDependenciesID=919a63ed7924b648d52d49ddcf611e5f 
Refreshing native plugins compatible for Editor in 3.31 ms, found 4 plugins.
Asset Pipeline Refresh (id=8f2f7a88d3d8c1a4aabb49ea93164699): Total: 0.193 seconds - Initiated by StopAssetImportingV2(NoUpdateAssetOptions)
Importing 'GUID: 54cc65ad0701f584a80e5768c8a542e9 - Path: Assets/_Recovery/0.unity' with importer (DefaultImporter)
Imported 'GUID: 54cc65ad0701f584a80e5768c8a542e9' -> (Import Result ID: '83f4676ff358d4dfc2ffaf18afbea1fc') in 0.003 seconds [static dependencies only]. Details - ImportResultOutputID=d4cf779db594d53c9c285dc7249f2e18 DependenciesID=2471d1dbe9ddb4e41965a564bd8f0000 StaticDependenciesID=3564734897f28b4ec989c4b5559a99b6 
Refreshing native plugins compatible for Editor in 3.13 ms, found 4 plugins.
Asset Pipeline Refresh (id=8f9b7687401f69e4393a2b4bb0ea13b7): Total: 0.150 seconds - Initiated by StopAssetImportingV2(NoUpdateAssetOptions)
[Worker0] Imported GUID: 5e6cbd92db86f4b18aec3ed561671858 - Path: Assets/Settings/Mobile_RPAsset.asset - Importer: ScriptedImporter/UnityEditor.QuickSearchModule:UnityEditor.Search:ASIAI0B -> (ImportResultId: '0d155cc5563d56e66462a988b8055c99') in 0.2920999 seconds
[Worker0] Imported GUID: 54cc65ad0701f584a80e5768c8a542e9 - Path: Assets/_Recovery/0.unity - Importer: ScriptedImporter/UnityEditor.QuickSearchModule:UnityEditor.Search:ASIAI0B -> (ImportResultId: '9a08aa3c62be4f2d66576c8632f9e38d') in 0.0314938 seconds
Entering Playmode with Reload Domain disabled.
If you experience any issues, please disable "Enter Play Mode Options" in Editor Settings
Entering Playmode with Reload Scene disabled. If you experience any issues, please disable "Enter Play Mode Options" in Editor Settings
Welcome to the Game!
UnityEngine.Debug:ExtractStackTraceNoAlloc (byte*,int,string)
UnityEngine.StackTraceUtility:ExtractStackTrace ()
UnityEngine.DebugLogHandler:Internal_Log (UnityEngine.LogType,UnityEngine.LogOption,string,UnityEngine.Object)
UnityEngine.DebugLogHandler:LogFormat (UnityEngine.LogType,UnityEngine.Object,string,object[])
UnityEngine.Logger:Log (UnityEngine.LogType,object)
UnityEngine.Debug:Log (object)
mover:PrintInstructions () (at Assets/Scripts/mover.cs:19)
mover:Start () (at Assets/Scripts/mover.cs:9)

(Filename: Assets/Scripts/mover.cs Line: 19)

Use Arrow Keys or WASD to Move
UnityEngine.Debug:ExtractStackTraceNoAlloc (byte*,int,string)
UnityEngine.StackTraceUtility:ExtractStackTrace ()
UnityEngine.DebugLogHandler:Internal_Log (UnityEngine.LogType,UnityEngine.LogOption,string,UnityEngine.Object)
UnityEngine.DebugLogHandler:LogFormat (UnityEngine.LogType,UnityEngine.Object,string,object[])
UnityEngine.Logger:Log (UnityEngine.LogType,object)
UnityEngine.Debug:Log (object)
mover:PrintInstructions () (at Assets/Scripts/mover.cs:20)
mover:Start () (at Assets/Scripts/mover.cs:9)

(Filename: Assets/Scripts/mover.cs Line: 20)

Dodge the Obstacles
UnityEngine.Debug:ExtractStackTraceNoAlloc (byte*,int,string)
UnityEngine.StackTraceUtility:ExtractStackTrace ()
UnityEngine.DebugLogHandler:Internal_Log (UnityEngine.LogType,UnityEngine.LogOption,string,UnityEngine.Object)
UnityEngine.DebugLogHandler:LogFormat (UnityEngine.LogType,UnityEngine.Object,string,object[])
UnityEngine.Logger:Log (UnityEngine.LogType,object)
UnityEngine.Debug:Log (object)
mover:PrintInstructions () (at Assets/Scripts/mover.cs:21)
mover:Start () (at Assets/Scripts/mover.cs:9)

(Filename: Assets/Scripts/mover.cs Line: 21)

GPU Resident Drawer disposed.
GPU Resident Drawer created.
You've bumped into a thing this many times: 1
UnityEngine.Debug:ExtractStackTraceNoAlloc (byte*,int,string)
UnityEngine.StackTraceUtility:ExtractStackTrace ()
UnityEngine.DebugLogHandler:Internal_Log (UnityEngine.LogType,UnityEngine.LogOption,string,UnityEngine.Object)
UnityEngine.DebugLogHandler:LogFormat (UnityEngine.LogType,UnityEngine.Object,string,object[])
UnityEngine.Logger:Log (UnityEngine.LogType,object)
UnityEngine.Debug:Log (object)
Scorer:OnCollisionEnter (UnityEngine.Collision) (at Assets/Scripts/Scorer.cs:10)
UnityEngine.Physics:SendOnCollisionEnter (UnityEngine.Component,UnityEngine.Collision)
UnityEngine.Physics:ReportContacts (Unity.Collections.NativeArray`1/ReadOnly<UnityEngine.ContactPairHeader>)
UnityEngine.Physics:OnSceneContact (UnityEngine.PhysicsScene,intptr,int)

(Filename: Assets/Scripts/Scorer.cs Line: 10)

You've bumped into a thing this many times: 2
UnityEngine.Debug:ExtractStackTraceNoAlloc (byte*,int,string)
UnityEngine.StackTraceUtility:ExtractStackTrace ()
UnityEngine.DebugLogHandler:Internal_Log (UnityEngine.LogType,UnityEngine.LogOption,string,UnityEngine.Object)
UnityEngine.DebugLogHandler:LogFormat (UnityEngine.LogType,UnityEngine.Object,string,object[])
UnityEngine.Logger:Log (UnityEngine.LogType,object)
UnityEngine.Debug:Log (object)
Scorer:OnCollisionEnter (UnityEngine.Collision) (at Assets/Scripts/Scorer.cs:10)
UnityEngine.Physics:SendOnCollisionEnter (UnityEngine.Component,UnityEngine.Collision)
UnityEngine.Physics:ReportContacts (Unity.Collections.NativeArray`1/ReadOnly<UnityEngine.ContactPairHeader>)
UnityEngine.Physics:OnSceneContact (UnityEngine.PhysicsScene,intptr,int)

(Filename: Assets/Scripts/Scorer.cs Line: 10)

Unloading 31 Unused Serialized files (Serialized files now loaded: 0)
Loaded scene 'Temp/__Backupscenes/0.backup'
	Deserialize:            0.829 ms
	Integration:            257.203 ms
	Integration of assets:  0.003 ms
	Thread Wait Time:       0.023 ms
	Total Operation Time:   258.058 ms
Unloading 188 unused Assets / (0.7 MB). Loaded Objects now: 8966.
Memory consumption went from 0.61 GB to 0.61 GB.
Total: 25.421900 ms (FindLiveObjects: 0.585800 ms CreateObjectMapping: 1.168400 ms MarkObjects: 22.687800 ms  DeleteObjects: 0.978500 ms)

GPU Resident Drawer disposed.
GPU Resident Drawer created.
Asset Pipeline Refresh (id=93c6113d05095bb4ea14058213610215): Total: 0.021 seconds - Initiated by RefreshV2(AllowForceSynchronousImport)
Asset Pipeline Refresh (id=3a442a56cf07ed14a9f7079203a57a8a): Total: 0.006 seconds - Initiated by RefreshV2(AllowForceSynchronousImport)
