[2026-07-10T14:02:57.933Z][INFO] Command-line: 'C:\\Program Files\\Unity\\Hub\\Editor\\6000.5.2f1\\Editor\\Data\\Resources\\PackageManager\\Server\\UnityPackageManager.exe' server -s 6596 --ipc-path Unity-Upm-6596 -l 2 --log-file 'C:\\Projetos Unity\\Obstacle Dodge/Logs/upm.log'
[2026-07-10T14:02:58.689Z][INFO] IPC server started (IPC path=Unity-Upm-6596).
[2026-07-10T14:02:58.690Z][INFO] Hint: To connect to this UPM instance, launch Unity with the command-line parameter -upmIpcPath Upm-6596.
[2026-07-10T14:04:13.517Z][INFO] project:list-packages <-- Request received
params: {}
[2026-07-10T14:04:15.984Z][INFO] project:list-packages --> 200 (2467 ms)
[2026-07-10T14:04:16.756Z][INFO] project:list-packages <-- Request received
params: {}
[2026-07-10T14:04:16.772Z][INFO] config:project:get-registries <-- Request received
params: {}
[2026-07-10T14:04:16.792Z][INFO] config:project:get-registries --> 200 (20 ms)
[2026-07-10T14:04:17.396Z][INFO] project:list-packages --> 200 (640 ms)
[2026-07-10T14:04:47.304Z][INFO] project:list-packages <-- Request received
params: {}
[2026-07-10T14:04:47.354Z][INFO] project:list-packages <-- Request received
params: {}
[2026-07-10T14:04:47.755Z][INFO] project:list-packages --> 200 (451 ms)
[2026-07-10T14:04:47.775Z][INFO] project:list-packages --> 200 (421 ms)
[2026-07-10T14:04:51.288Z][INFO] project:list-packages <-- Request received
params: {}
[2026-07-10T14:04:51.317Z][INFO] project:list-packages <-- Request received
params: {}
[2026-07-10T14:04:51.843Z][INFO] project:list-packages --> 200 (555 ms)
[2026-07-10T14:04:51.845Z][INFO] project:list-packages --> 200 (528 ms)
[2026-07-10T14:04:52.841Z][INFO] config:project:get-registries <-- Request received
params: {}
[2026-07-10T14:04:52.847Z][INFO] config:project:get-registries --> 200 (5 ms)
[2026-07-10T14:05:25.656Z][INFO] project:list-packages <-- Request received
params: {}
[2026-07-10T14:05:26.651Z][INFO] project:list-packages --> 200 (996 ms)
[2026-07-10T14:07:23.712Z][INFO] packages:get-packageinfo <-- Request received
params: {
  "packageId": "com.unity.collab-proxy"
}
[2026-07-10T14:07:24.459Z][INFO] packages:get-packageinfo --> 200 (747 ms)
[2026-07-10T14:08:16.098Z][INFO] project:list-packages <-- Request received
params: {}
[2026-07-10T14:08:16.272Z][INFO] project:list-packages <-- Request received
params: {}
[2026-07-10T14:08:16.273Z][INFO] project:list-packages <-- Request received
params: {}
[2026-07-10T14:08:16.784Z][INFO] project:list-packages --> 200 (686 ms)
[2026-07-10T14:08:16.899Z][INFO] config:project:get-registries <-- Request received
params: {}
[2026-07-10T14:08:16.920Z][INFO] config:project:get-registries --> 200 (21 ms)
[2026-07-10T14:08:17.001Z][INFO] project:list-packages --> 200 (729 ms)
[2026-07-10T14:08:17.003Z][INFO] project:list-packages --> 200 (729 ms)
[2026-07-10T14:17:48.314Z][INFO] project:list-packages <-- Request received
params: {}
[2026-07-10T14:17:48.541Z][INFO] project:list-packages <-- Request received
params: {}
[2026-07-10T14:17:48.566Z][INFO] project:list-packages <-- Request received
params: {}
[2026-07-10T14:17:49.555Z][INFO] config:project:get-registries <-- Request received
params: {}
[2026-07-10T14:17:49.761Z][INFO] config:project:get-registries --> 200 (206 ms)
[2026-07-10T14:17:52.912Z][INFO] project:list-packages --> 200 (4345 ms)
[2026-07-10T14:17:52.914Z][INFO] project:list-packages --> 200 (4600 ms)
[2026-07-10T14:17:52.917Z][INFO] project:list-packages --> 200 (4376 ms)
[2026-07-10T14:33:16.623Z][INFO] project:list-packages <-- Request received
params: {}
[2026-07-10T14:33:16.748Z][INFO] project:list-packages <-- Request received
params: {}
[2026-07-10T14:33:16.763Z][INFO] project:list-packages <-- Request received
params: {}
[2026-07-10T14:33:17.617Z][INFO] config:project:get-registries <-- Request received
params: {}
[2026-07-10T14:33:17.828Z][INFO] config:project:get-registries --> 200 (211 ms)
[2026-07-10T14:33:18.338Z][INFO] project:list-packages --> 200 (1715 ms)
[2026-07-10T14:33:18.339Z][INFO] project:list-packages --> 200 (1591 ms)
[2026-07-10T14:33:18.340Z][INFO] project:list-packages --> 200 (1577 ms)
[2026-07-10T14:37:40.817Z][INFO] project:list-packages <-- Request received
params: {}
[2026-07-10T14:37:40.962Z][INFO] project:list-packages <-- Request received
params: {}
[2026-07-10T14:37:40.979Z][INFO] project:list-packages <-- Request received
params: {}
[2026-07-10T14:37:41.310Z][INFO] project:list-packages --> 200 (493 ms)
[2026-07-10T14:37:41.616Z][INFO] config:project:get-registries <-- Request received
params: {}
[2026-07-10T14:37:41.706Z][INFO] config:project:get-registries --> 200 (90 ms)
[2026-07-10T14:37:41.708Z][INFO] project:list-packages --> 200 (729 ms)
[2026-07-10T14:37:41.710Z][INFO] project:list-packages --> 200 (748 ms)
[2026-07-10T14:54:21.399Z][INFO] project:list-packages <-- Request received
params: {}
[2026-07-10T14:54:21.534Z][INFO] project:list-packages <-- Request received
params: {}
[2026-07-10T14:54:21.563Z][INFO] project:list-packages <-- Request received
params: {}
[2026-07-10T14:54:21.943Z][INFO] project:list-packages --> 200 (544 ms)
[2026-07-10T14:54:22.200Z][INFO] project:list-packages --> 200 (666 ms)
[2026-07-10T14:54:22.205Z][INFO] project:list-packages --> 200 (642 ms)
[2026-07-10T14:54:22.225Z][INFO] config:project:get-registries <-- Request received
params: {}
[2026-07-10T14:54:22.229Z][INFO] config:project:get-registries --> 200 (4 ms)
[2026-07-10T14:58:54.831Z][INFO] project:list-packages <-- Request received
params: {}
[2026-07-10T14:58:54.998Z][INFO] project:list-packages <-- Request received
params: {}
[2026-07-10T14:58:55.015Z][INFO] project:list-packages <-- Request received
params: {}
[2026-07-10T14:58:55.160Z][INFO] project:list-packages --> 200 (329 ms)
[2026-07-10T14:58:55.556Z][INFO] project:list-packages --> 200 (541 ms)
[2026-07-10T14:58:55.558Z][INFO] project:list-packages --> 200 (560 ms)
[2026-07-10T14:58:55.632Z][INFO] config:project:get-registries <-- Request received
params: {}
[2026-07-10T14:58:55.637Z][INFO] config:project:get-registries --> 200 (5 ms)
[2026-07-10T15:02:38.920Z][INFO] project:list-packages <-- Request received
params: {}
[2026-07-10T15:02:39.098Z][INFO] project:list-packages <-- Request received
params: {}
[2026-07-10T15:02:39.099Z][INFO] project:list-packages <-- Request received
params: {}
[2026-07-10T15:02:39.267Z][INFO] project:list-packages --> 200 (346 ms)
[2026-07-10T15:02:39.634Z][INFO] project:list-packages --> 200 (535 ms)
[2026-07-10T15:02:39.635Z][INFO] project:list-packages --> 200 (537 ms)
[2026-07-10T15:02:39.727Z][INFO] config:project:get-registries <-- Request received
params: {}
[2026-07-10T15:02:39.731Z][INFO] config:project:get-registries --> 200 (4 ms)
